00:00:00.064472 main     VirtualBox COM Server 7.0.10 r158379 win.amd64 (Jul 12 2023 18:34:34) release log
00:00:00.064479 main     Log opened 2023-10-05T09:30:47.134177300Z
00:00:00.064482 main     Build Type: release
00:00:00.064497 main     OS Product: Windows 10
00:00:00.064500 main     OS Release: 10.0.19045
00:00:00.064502 main     OS Service Pack: 
00:00:00.242325 main     DMI Product Name: OMEN by HP Laptop 15-dc1xxx
00:00:00.286921 main     DMI Product Version:  
00:00:00.286953 main     Firmware type: UEFI
00:00:00.288268 main     Secure Boot: VERR_PRIVILEGE_NOT_HELD
00:00:00.288372 main     Host RAM: 8068MB (7.8GB) total, 3054MB (2.9GB) available
00:00:00.288388 main     Executable: C:\Program Files\Oracle\VirtualBox\VBoxSVC.exe
00:00:00.288390 main     Process ID: 12356
00:00:00.288392 main     Package type: WINDOWS_64BITS_GENERIC
00:00:01.021649          VirtualBox: object creation starts
00:00:01.079511          Home directory: 'C:\Users\sami1\.VirtualBox'
00:00:01.080074          Installed Drivers:
00:00:01.096107            C:\WINDOWS\system32\DRIVERS\VBoxNetAdp6.sys (Version: 7.0.10.8379)
00:00:01.123950            C:\WINDOWS\system32\DRIVERS\VBoxNetLwf.sys (Version: 7.0.10.8379)
00:00:01.135495            C:\WINDOWS\system32\DRIVERS\VBoxUSBMon.sys (Version: 7.0.10.8379)
00:00:01.181824            C:\WINDOWS\system32\DRIVERS\VBoxSup.sys (Version: 7.0.10.8379)
00:00:01.265706          Loading settings file "C:\Users\sami1\.VirtualBox\VirtualBox.xml" with version "1.12-windows"
00:00:01.285970          usbLibGetDevices: Starting USB device enumeration
00:00:01.294780          Getting USB descriptor (id 0) failed (dwErr=31) on hub USB#ROOT_HUB30#4&16a96d44&0&0#{f18a0e88-c30c-11d0-8815-00a0c906bed8} port 6
00:00:01.294974          Getting USB descriptor (id 0) failed (dwErr=31) on hub USB#ROOT_HUB30#4&16a96d44&0&0#{f18a0e88-c30c-11d0-8815-00a0c906bed8} port 14
00:00:01.345505          usbLibGetDevices: Found 3 USB devices, 0 captured
00:00:01.386840          USB: Unknown USB device detected (idVendor: 0x05c8, idProduct: 0x03bc)
00:00:01.388132          USB: Unknown USB device detected (idVendor: 0x8087, idProduct: 0x0aaa)
00:00:02.827290          HostDnsMonitor: initializing
00:00:02.860007          HostDnsMonitor: updating information
00:00:02.891332          HostDnsMonitor: old information
00:00:02.891336            no server entries
00:00:02.891339            no domain set
00:00:02.891341            no search string entries
00:00:02.891343          HostDnsMonitor: new information
00:00:02.891344            server 1: 192.168.100.1
00:00:02.891347            no domain set
00:00:02.891348            no search string entries
00:00:03.409296          VD: VDInit finished with VINF_SUCCESS
00:00:05.799680          Loading settings file "C:\Users\sami1\VirtualBox VMs\Test1\Test1.vbox" with version "1.19-windows"
00:00:06.150638          OCI: Local config file 'C:\Users\sami1\.VirtualBox\oci_config' does not exist
00:00:06.151086          OCI: Original config file 'C:\Users\sami1\.oci\config' does not exist
00:00:06.151089          OCI: Reading profiles finished with status ERROR_SUCCESS
00:00:06.157728          ExtPack: Created cloud provider 'OCI' (hrc=ERROR_SUCCESS)
00:00:06.165609          VirtualBox: object created
00:00:06.598096          Saving settings file "C:\Users\sami1\.VirtualBox\VirtualBox.xml" with version "1.12-windows"
00:00:06.892746          Finished saving settings file "C:\Users\sami1\.VirtualBox\VirtualBox.xml"
00:00:06.893297          Saving settings file "C:\Users\sami1\.VirtualBox\VirtualBox.xml" with version "1.12-windows"
00:00:06.979525          Finished saving settings file "C:\Users\sami1\.VirtualBox\VirtualBox.xml"
00:00:06.980037          Saving settings file "C:\Users\sami1\.VirtualBox\VirtualBox.xml" with version "1.12-windows"
00:00:07.033170          Finished saving settings file "C:\Users\sami1\.VirtualBox\VirtualBox.xml"
00:00:20.659327          ERROR [COM]: aRC=VBOX_E_INVALID_VM_STATE (0x80bb0002) aIID={300763af-5d6b-46e6-aa96-273eac15538a} aComponent={MachineWrap} aText={The machine is not mutable (state is PoweredOff)}, preserve=false aResultDetail=0
00:00:40.570870 USBPROXY usbLibGetDevices: Starting USB device enumeration
00:00:40.573316 USBPROXY Getting USB descriptor (id 0) failed (dwErr=31) on hub USB#ROOT_HUB30#4&16a96d44&0&0#{f18a0e88-c30c-11d0-8815-00a0c906bed8} port 6
00:00:40.573429 USBPROXY Getting USB descriptor (id 0) failed (dwErr=31) on hub USB#ROOT_HUB30#4&16a96d44&0&0#{f18a0e88-c30c-11d0-8815-00a0c906bed8} port 14
00:00:40.616338 USBPROXY usbLibGetDevices: Found 3 USB devices, 0 captured
00:01:14.327403 USBPROXY usbLibGetDevices: Starting USB device enumeration
00:01:14.332771 USBPROXY Getting USB descriptor (id 0) failed (dwErr=31) on hub USB#ROOT_HUB30#4&16a96d44&0&0#{f18a0e88-c30c-11d0-8815-00a0c906bed8} port 14
00:01:14.370185 USBPROXY usbLibGetDevices: Found 3 USB devices, 0 captured
00:04:14.117192          Launched VM: 2315871168 pid: 11944 (0x2ea8) frontend: GUI/Qt name: Test1
00:04:14.162456          ERROR [COM]: aRC=VBOX_E_INVALID_VM_STATE (0x80bb0002) aIID={300763af-5d6b-46e6-aa96-273eac15538a} aComponent={MachineWrap} aText={The machine is not mutable (state is PoweredOff)}, preserve=false aResultDetail=0
00:04:22.436182          ERROR [COM]: aRC=VBOX_E_INVALID_VM_STATE (0x80bb0002) aIID={300763af-5d6b-46e6-aa96-273eac15538a} aComponent={MachineWrap} aText={The machine is not mutable (state is PoweredOff)}, preserve=false aResultDetail=0
00:04:23.014766          Load [C:\Program Files\Oracle\VirtualBox\ExtensionPacks\Oracle_VM_VirtualBox_Extension_Pack\win.amd64\VBoxHostWebcam.DLL] vrc=VINF_SUCCESS
00:04:24.580107          ERROR [COM]: aRC=VBOX_E_IPRT_ERROR (0x80bb0005) aIID={300763af-5d6b-46e6-aa96-273eac15538a} aComponent={SessionMachine} aText={Saved screenshot data is not available (VERR_NOT_SUPPORTED)}, preserve=false aResultDetail=-37
00:04:25.559093          ERROR [COM]: aRC=VBOX_E_INVALID_VM_STATE (0x80bb0002) aIID={300763af-5d6b-46e6-aa96-273eac15538a} aComponent={SessionMachine} aText={The machine is not mutable or saved (state is Starting)}, preserve=false aResultDetail=0
00:04:25.559724          ERROR [COM]: aRC=VBOX_E_INVALID_VM_STATE (0x80bb0002) aIID={300763af-5d6b-46e6-aa96-273eac15538a} aComponent={MachineWrap} aText={The machine is not mutable (state is Starting)}, preserve=false aResultDetail=0
00:04:25.577526          Saving settings file "C:\Users\sami1\VirtualBox VMs\Test1\Test1.vbox" with version "1.19-windows"
00:04:25.633433          Finished saving settings file "C:\Users\sami1\VirtualBox VMs\Test1\Test1.vbox"
00:04:25.640397          ERROR [COM]: aRC=VBOX_E_INVALID_VM_STATE (0x80bb0002) aIID={300763af-5d6b-46e6-aa96-273eac15538a} aComponent={MachineWrap} aText={The machine is not mutable (state is Starting)}, preserve=false aResultDetail=0
00:04:27.921289          ERROR [COM]: aRC=VBOX_E_OBJECT_NOT_FOUND (0x80bb0001) aIID={ad47ad09-787b-44ab-b343-a082a3f2dfb1} aComponent={MediumWrap} aText={Property 'CRYPT/KeyId' does not exist}, preserve=false aResultDetail=0
00:04:27.946558          ERROR [COM]: aRC=VBOX_E_INVALID_VM_STATE (0x80bb0002) aIID={300763af-5d6b-46e6-aa96-273eac15538a} aComponent={MachineWrap} aText={The machine is not mutable (state is Running)}, preserve=false aResultDetail=0
00:04:30.789002          Saving settings file "C:\Users\sami1\VirtualBox VMs\Test1\Test1.vbox" with version "1.19-windows"
00:04:30.820229          Finished saving settings file "C:\Users\sami1\VirtualBox VMs\Test1\Test1.vbox"
00:04:30.826555          ERROR [COM]: aRC=VBOX_E_INVALID_VM_STATE (0x80bb0002) aIID={300763af-5d6b-46e6-aa96-273eac15538a} aComponent={MachineWrap} aText={The machine is not mutable (state is Running)}, preserve=false aResultDetail=0
00:04:34.178672          Saving settings file "C:\Users\sami1\VirtualBox VMs\Test1\Test1.vbox" with version "1.19-windows"
00:04:34.222080          Finished saving settings file "C:\Users\sami1\VirtualBox VMs\Test1\Test1.vbox"
00:04:34.226826          ERROR [COM]: aRC=VBOX_E_INVALID_VM_STATE (0x80bb0002) aIID={300763af-5d6b-46e6-aa96-273eac15538a} aComponent={MachineWrap} aText={The machine is not mutable (state is Running)}, preserve=false aResultDetail=0
00:04:36.180641          Saving settings file "C:\Users\sami1\VirtualBox VMs\Test1\Test1.vbox" with version "1.19-windows"
00:04:36.195260          Finished saving settings file "C:\Users\sami1\VirtualBox VMs\Test1\Test1.vbox"
00:04:36.200203          ERROR [COM]: aRC=VBOX_E_INVALID_VM_STATE (0x80bb0002) aIID={300763af-5d6b-46e6-aa96-273eac15538a} aComponent={MachineWrap} aText={The machine is not mutable (state is Running)}, preserve=false aResultDetail=0
00:04:46.181466          Saving settings file "C:\Users\sami1\VirtualBox VMs\Test1\Test1.vbox" with version "1.19-windows"
00:04:46.236134          Finished saving settings file "C:\Users\sami1\VirtualBox VMs\Test1\Test1.vbox"
00:04:46.253664          ERROR [COM]: aRC=VBOX_E_INVALID_VM_STATE (0x80bb0002) aIID={300763af-5d6b-46e6-aa96-273eac15538a} aComponent={MachineWrap} aText={The machine is not mutable (state is Running)}, preserve=false aResultDetail=0
00:07:03.349330 USBPROXY usbLibGetDevices: Starting USB device enumeration
00:07:03.351849 USBPROXY Getting USB descriptor (id 0) failed (dwErr=31) on hub USB#ROOT_HUB30#4&16a96d44&0&0#{f18a0e88-c30c-11d0-8815-00a0c906bed8} port 6
00:07:03.351983 USBPROXY Getting USB descriptor (id 0) failed (dwErr=31) on hub USB#ROOT_HUB30#4&16a96d44&0&0#{f18a0e88-c30c-11d0-8815-00a0c906bed8} port 14
00:07:03.386347 USBPROXY usbLibGetDevices: Found 3 USB devices, 0 captured
00:40:20.231192          Saving settings file "C:\Users\sami1\VirtualBox VMs\Test1\Test1.vbox" with version "1.19-windows"
00:40:20.265514          Finished saving settings file "C:\Users\sami1\VirtualBox VMs\Test1\Test1.vbox"
00:40:20.274407          ERROR [COM]: aRC=VBOX_E_INVALID_VM_STATE (0x80bb0002) aIID={300763af-5d6b-46e6-aa96-273eac15538a} aComponent={MachineWrap} aText={The machine is not mutable (state is Running)}, preserve=false aResultDetail=0
00:40:22.308629          Saving settings file "C:\Users\sami1\VirtualBox VMs\Test1\Test1.vbox" with version "1.19-windows"
00:40:22.375602          Finished saving settings file "C:\Users\sami1\VirtualBox VMs\Test1\Test1.vbox"
00:40:22.380765          ERROR [COM]: aRC=VBOX_E_INVALID_VM_STATE (0x80bb0002) aIID={300763af-5d6b-46e6-aa96-273eac15538a} aComponent={MachineWrap} aText={The machine is not mutable (state is Running)}, preserve=false aResultDetail=0
01:18:52.444686          ERROR [COM]: aRC=VBOX_E_IPRT_ERROR (0x80bb0005) aIID={300763af-5d6b-46e6-aa96-273eac15538a} aComponent={SessionMachine} aText={Saved screenshot data is not available (VERR_NOT_SUPPORTED)}, preserve=false aResultDetail=-37
01:18:52.495518          Saving settings file "C:\Users\sami1\VirtualBox VMs\Test1\Test1.vbox" with version "1.19-windows"
01:18:52.600137          Finished saving settings file "C:\Users\sami1\VirtualBox VMs\Test1\Test1.vbox"
01:18:52.727184          ERROR [COM]: aRC=VBOX_E_INVALID_VM_STATE (0x80bb0002) aIID={300763af-5d6b-46e6-aa96-273eac15538a} aComponent={MachineWrap} aText={The machine is not mutable (state is Running)}, preserve=false aResultDetail=0
01:22:13.854002          ERROR [COM]: aRC=VBOX_E_INVALID_VM_STATE (0x80bb0002) aIID={300763af-5d6b-46e6-aa96-273eac15538a} aComponent={MachineWrap} aText={The machine is not mutable (state is Paused)}, preserve=false aResultDetail=0
01:22:16.481457          ERROR [COM]: aRC=VBOX_E_INVALID_VM_STATE (0x80bb0002) aIID={300763af-5d6b-46e6-aa96-273eac15538a} aComponent={MachineWrap} aText={The machine is not mutable (state is Running)}, preserve=false aResultDetail=0
01:22:20.606884          ERROR [COM]: aRC=VBOX_E_IPRT_ERROR (0x80bb0005) aIID={300763af-5d6b-46e6-aa96-273eac15538a} aComponent={SessionMachine} aText={Saved screenshot data is not available (VERR_NOT_SUPPORTED)}, preserve=false aResultDetail=-37
01:22:20.677590          Saving settings file "C:\Users\sami1\VirtualBox VMs\Test1\Test1.vbox" with version "1.19-windows"
01:22:20.724105          Finished saving settings file "C:\Users\sami1\VirtualBox VMs\Test1\Test1.vbox"
01:22:20.744370          ERROR [COM]: aRC=VBOX_E_INVALID_VM_STATE (0x80bb0002) aIID={300763af-5d6b-46e6-aa96-273eac15538a} aComponent={MachineWrap} aText={The machine is not mutable (state is Running)}, preserve=false aResultDetail=0
01:22:20.935095          Saving settings file "C:\Users\sami1\VirtualBox VMs\Test1\Test1.vbox" with version "1.19-windows"
01:22:20.972510          Finished saving settings file "C:\Users\sami1\VirtualBox VMs\Test1\Test1.vbox"
01:22:20.986383          ERROR [COM]: aRC=VBOX_E_INVALID_VM_STATE (0x80bb0002) aIID={300763af-5d6b-46e6-aa96-273eac15538a} aComponent={MachineWrap} aText={The machine is not mutable (state is Running)}, preserve=false aResultDetail=0
01:22:23.014537          Saving settings file "C:\Users\sami1\VirtualBox VMs\Test1\Test1.vbox" with version "1.19-windows"
01:22:23.083719          Finished saving settings file "C:\Users\sami1\VirtualBox VMs\Test1\Test1.vbox"
01:22:23.117303          ERROR [COM]: aRC=VBOX_E_INVALID_VM_STATE (0x80bb0002) aIID={300763af-5d6b-46e6-aa96-273eac15538a} aComponent={MachineWrap} aText={The machine is not mutable (state is Running)}, preserve=false aResultDetail=0
01:22:37.498616          ERROR [COM]: aRC=VBOX_E_INVALID_VM_STATE (0x80bb0002) aIID={300763af-5d6b-46e6-aa96-273eac15538a} aComponent={MachineWrap} aText={The machine is not mutable (state is Paused)}, preserve=false aResultDetail=0
01:22:40.696587          ERROR [COM]: aRC=VBOX_E_INVALID_VM_STATE (0x80bb0002) aIID={300763af-5d6b-46e6-aa96-273eac15538a} aComponent={MachineWrap} aText={The machine is not mutable (state is Stopping)}, preserve=false aResultDetail=0
01:22:40.781175          Saving settings file "C:\Users\sami1\VirtualBox VMs\Test1\Test1.vbox" with version "1.19-windows"
01:22:40.816155          Finished saving settings file "C:\Users\sami1\VirtualBox VMs\Test1\Test1.vbox"
01:22:40.852254          ERROR [COM]: aRC=VBOX_E_INVALID_VM_STATE (0x80bb0002) aIID={300763af-5d6b-46e6-aa96-273eac15538a} aComponent={MachineWrap} aText={The machine is not mutable (state is PoweredOff)}, preserve=false aResultDetail=0
01:22:41.915368          ERROR [COM]: aRC=VBOX_E_INVALID_VM_STATE (0x80bb0002) aIID={300763af-5d6b-46e6-aa96-273eac15538a} aComponent={MachineWrap} aText={The machine is not mutable (state is PoweredOff)}, preserve=false aResultDetail=0
01:22:45.289337          Saving settings file "C:\Users\sami1\.VirtualBox\VirtualBox.xml" with version "1.12-windows"
01:22:45.317231          Finished saving settings file "C:\Users\sami1\.VirtualBox\VirtualBox.xml"
01:22:45.317541          Saving settings file "C:\Users\sami1\.VirtualBox\VirtualBox.xml" with version "1.12-windows"
01:22:45.355967          Finished saving settings file "C:\Users\sami1\.VirtualBox\VirtualBox.xml"
01:22:45.356495          Saving settings file "C:\Users\sami1\.VirtualBox\VirtualBox.xml" with version "1.12-windows"
01:22:45.391522          Finished saving settings file "C:\Users\sami1\.VirtualBox\VirtualBox.xml"
01:22:47.579050          ERROR [COM]: aRC=VBOX_E_INVALID_VM_STATE (0x80bb0002) aIID={300763af-5d6b-46e6-aa96-273eac15538a} aComponent={MachineWrap} aText={The machine is not mutable (state is PoweredOff)}, preserve=false aResultDetail=0
01:22:52.188145          Launched VM: 2317553136 pid: 16852 (0x41d4) frontend: GUI/Qt name: Test1
01:22:52.231349          ERROR [COM]: aRC=VBOX_E_INVALID_VM_STATE (0x80bb0002) aIID={300763af-5d6b-46e6-aa96-273eac15538a} aComponent={MachineWrap} aText={The machine is not mutable (state is PoweredOff)}, preserve=false aResultDetail=0
01:22:52.232802          ERROR [COM]: aRC=VBOX_E_INVALID_VM_STATE (0x80bb0002) aIID={300763af-5d6b-46e6-aa96-273eac15538a} aComponent={MachineWrap} aText={The machine is not mutable (state is PoweredOff)}, preserve=false aResultDetail=0
01:23:04.067413          ERROR [COM]: aRC=VBOX_E_INVALID_VM_STATE (0x80bb0002) aIID={300763af-5d6b-46e6-aa96-273eac15538a} aComponent={MachineWrap} aText={The machine is not mutable (state is PoweredOff)}, preserve=false aResultDetail=0
01:23:04.070308          ERROR [COM]: aRC=VBOX_E_INVALID_VM_STATE (0x80bb0002) aIID={300763af-5d6b-46e6-aa96-273eac15538a} aComponent={MachineWrap} aText={The machine is not mutable (state is PoweredOff)}, preserve=false aResultDetail=0
01:23:05.724152          Load [C:\Program Files\Oracle\VirtualBox\ExtensionPacks\Oracle_VM_VirtualBox_Extension_Pack\win.amd64\VBoxHostWebcam.DLL] vrc=VINF_SUCCESS
01:23:09.122498          ERROR [COM]: aRC=VBOX_E_IPRT_ERROR (0x80bb0005) aIID={300763af-5d6b-46e6-aa96-273eac15538a} aComponent={SessionMachine} aText={Saved screenshot data is not available (VERR_NOT_SUPPORTED)}, preserve=false aResultDetail=-37
01:23:10.183062          ERROR [COM]: aRC=VBOX_E_INVALID_VM_STATE (0x80bb0002) aIID={300763af-5d6b-46e6-aa96-273eac15538a} aComponent={MachineWrap} aText={The machine is not mutable (state is Starting)}, preserve=false aResultDetail=0
01:23:10.188511          ERROR [COM]: aRC=VBOX_E_INVALID_VM_STATE (0x80bb0002) aIID={300763af-5d6b-46e6-aa96-273eac15538a} aComponent={SessionMachine} aText={The machine is not mutable or saved (state is Starting)}, preserve=false aResultDetail=0
01:23:10.191113          ERROR [COM]: aRC=VBOX_E_INVALID_VM_STATE (0x80bb0002) aIID={300763af-5d6b-46e6-aa96-273eac15538a} aComponent={MachineWrap} aText={The machine is not mutable (state is Starting)}, preserve=false aResultDetail=0
01:23:10.191670          Saving settings file "C:\Users\sami1\VirtualBox VMs\Test1\Test1.vbox" with version "1.19-windows"
01:23:10.218709          Finished saving settings file "C:\Users\sami1\VirtualBox VMs\Test1\Test1.vbox"
01:23:10.235695          ERROR [COM]: aRC=VBOX_E_INVALID_VM_STATE (0x80bb0002) aIID={300763af-5d6b-46e6-aa96-273eac15538a} aComponent={MachineWrap} aText={The machine is not mutable (state is Starting)}, preserve=false aResultDetail=0
01:23:10.238296          ERROR [COM]: aRC=VBOX_E_INVALID_VM_STATE (0x80bb0002) aIID={300763af-5d6b-46e6-aa96-273eac15538a} aComponent={MachineWrap} aText={The machine is not mutable (state is Starting)}, preserve=false aResultDetail=0
01:23:13.187487          ERROR [COM]: aRC=VBOX_E_OBJECT_NOT_FOUND (0x80bb0001) aIID={ad47ad09-787b-44ab-b343-a082a3f2dfb1} aComponent={MediumWrap} aText={Property 'CRYPT/KeyId' does not exist}, preserve=false aResultDetail=0
01:23:13.224173          ERROR [COM]: aRC=VBOX_E_INVALID_VM_STATE (0x80bb0002) aIID={300763af-5d6b-46e6-aa96-273eac15538a} aComponent={MachineWrap} aText={The machine is not mutable (state is Running)}, preserve=false aResultDetail=0
01:23:13.229182          ERROR [COM]: aRC=VBOX_E_INVALID_VM_STATE (0x80bb0002) aIID={300763af-5d6b-46e6-aa96-273eac15538a} aComponent={MachineWrap} aText={The machine is not mutable (state is Running)}, preserve=false aResultDetail=0
01:23:15.516464          Saving settings file "C:\Users\sami1\VirtualBox VMs\Test1\Test1.vbox" with version "1.19-windows"
01:23:15.550836          Finished saving settings file "C:\Users\sami1\VirtualBox VMs\Test1\Test1.vbox"
01:23:15.582433          ERROR [COM]: aRC=VBOX_E_INVALID_VM_STATE (0x80bb0002) aIID={300763af-5d6b-46e6-aa96-273eac15538a} aComponent={MachineWrap} aText={The machine is not mutable (state is Running)}, preserve=false aResultDetail=0
01:23:15.584519          ERROR [COM]: aRC=VBOX_E_INVALID_VM_STATE (0x80bb0002) aIID={300763af-5d6b-46e6-aa96-273eac15538a} aComponent={MachineWrap} aText={The machine is not mutable (state is Running)}, preserve=false aResultDetail=0
01:23:19.711936          Saving settings file "C:\Users\sami1\VirtualBox VMs\Test1\Test1.vbox" with version "1.19-windows"
01:23:19.735766          Finished saving settings file "C:\Users\sami1\VirtualBox VMs\Test1\Test1.vbox"
01:23:19.756483          ERROR [COM]: aRC=VBOX_E_INVALID_VM_STATE (0x80bb0002) aIID={300763af-5d6b-46e6-aa96-273eac15538a} aComponent={MachineWrap} aText={The machine is not mutable (state is Running)}, preserve=false aResultDetail=0
01:23:19.757287          ERROR [COM]: aRC=VBOX_E_INVALID_VM_STATE (0x80bb0002) aIID={300763af-5d6b-46e6-aa96-273eac15538a} aComponent={MachineWrap} aText={The machine is not mutable (state is Running)}, preserve=false aResultDetail=0
01:23:30.248799          Saving settings file "C:\Users\sami1\VirtualBox VMs\Test1\Test1.vbox" with version "1.19-windows"
01:23:30.290072          Finished saving settings file "C:\Users\sami1\VirtualBox VMs\Test1\Test1.vbox"
01:23:30.311966          ERROR [COM]: aRC=VBOX_E_INVALID_VM_STATE (0x80bb0002) aIID={300763af-5d6b-46e6-aa96-273eac15538a} aComponent={MachineWrap} aText={The machine is not mutable (state is Running)}, preserve=false aResultDetail=0
01:23:30.312818          ERROR [COM]: aRC=VBOX_E_INVALID_VM_STATE (0x80bb0002) aIID={300763af-5d6b-46e6-aa96-273eac15538a} aComponent={MachineWrap} aText={The machine is not mutable (state is Running)}, preserve=false aResultDetail=0
01:23:33.652723          Saving settings file "C:\Users\sami1\VirtualBox VMs\Test1\Test1.vbox" with version "1.19-windows"
01:23:33.790618          Finished saving settings file "C:\Users\sami1\VirtualBox VMs\Test1\Test1.vbox"
01:23:33.843583          ERROR [COM]: aRC=VBOX_E_INVALID_VM_STATE (0x80bb0002) aIID={300763af-5d6b-46e6-aa96-273eac15538a} aComponent={MachineWrap} aText={The machine is not mutable (state is Running)}, preserve=false aResultDetail=0
01:23:33.844377          ERROR [COM]: aRC=VBOX_E_INVALID_VM_STATE (0x80bb0002) aIID={300763af-5d6b-46e6-aa96-273eac15538a} aComponent={MachineWrap} aText={The machine is not mutable (state is Running)}, preserve=false aResultDetail=0
01:23:35.826311          Saving settings file "C:\Users\sami1\VirtualBox VMs\Test1\Test1.vbox" with version "1.19-windows"
01:23:35.871287          Finished saving settings file "C:\Users\sami1\VirtualBox VMs\Test1\Test1.vbox"
01:23:35.920600          ERROR [COM]: aRC=VBOX_E_INVALID_VM_STATE (0x80bb0002) aIID={300763af-5d6b-46e6-aa96-273eac15538a} aComponent={MachineWrap} aText={The machine is not mutable (state is Running)}, preserve=false aResultDetail=0
01:23:35.922284          ERROR [COM]: aRC=VBOX_E_INVALID_VM_STATE (0x80bb0002) aIID={300763af-5d6b-46e6-aa96-273eac15538a} aComponent={MachineWrap} aText={The machine is not mutable (state is Running)}, preserve=false aResultDetail=0
01:23:37.422425          Saving settings file "C:\Users\sami1\VirtualBox VMs\Test1\Test1.vbox" with version "1.19-windows"
01:23:37.468210          Finished saving settings file "C:\Users\sami1\VirtualBox VMs\Test1\Test1.vbox"
01:23:37.514470          ERROR [COM]: aRC=VBOX_E_INVALID_VM_STATE (0x80bb0002) aIID={300763af-5d6b-46e6-aa96-273eac15538a} aComponent={MachineWrap} aText={The machine is not mutable (state is Running)}, preserve=false aResultDetail=0
01:23:37.514644          ERROR [COM]: aRC=VBOX_E_INVALID_VM_STATE (0x80bb0002) aIID={300763af-5d6b-46e6-aa96-273eac15538a} aComponent={MachineWrap} aText={The machine is not mutable (state is Running)}, preserve=false aResultDetail=0
01:23:42.462065          Saving settings file "C:\Users\sami1\VirtualBox VMs\Test1\Test1.vbox" with version "1.19-windows"
01:23:42.661188          Finished saving settings file "C:\Users\sami1\VirtualBox VMs\Test1\Test1.vbox"
01:23:42.678132          ERROR [COM]: aRC=VBOX_E_INVALID_VM_STATE (0x80bb0002) aIID={300763af-5d6b-46e6-aa96-273eac15538a} aComponent={MachineWrap} aText={The machine is not mutable (state is Running)}, preserve=false aResultDetail=0
01:23:42.684164          ERROR [COM]: aRC=VBOX_E_INVALID_VM_STATE (0x80bb0002) aIID={300763af-5d6b-46e6-aa96-273eac15538a} aComponent={MachineWrap} aText={The machine is not mutable (state is Running)}, preserve=false aResultDetail=0
01:23:45.123850          Saving settings file "C:\Users\sami1\VirtualBox VMs\Test1\Test1.vbox" with version "1.19-windows"
01:23:45.313187          Finished saving settings file "C:\Users\sami1\VirtualBox VMs\Test1\Test1.vbox"
01:23:45.347526          ERROR [COM]: aRC=VBOX_E_INVALID_VM_STATE (0x80bb0002) aIID={300763af-5d6b-46e6-aa96-273eac15538a} aComponent={MachineWrap} aText={The machine is not mutable (state is Running)}, preserve=false aResultDetail=0
01:23:45.349658          ERROR [COM]: aRC=VBOX_E_INVALID_VM_STATE (0x80bb0002) aIID={300763af-5d6b-46e6-aa96-273eac15538a} aComponent={MachineWrap} aText={The machine is not mutable (state is Running)}, preserve=false aResultDetail=0
01:32:03.371973          Saving settings file "C:\Users\sami1\VirtualBox VMs\Test1\Test1.vbox" with version "1.19-windows"
01:32:03.439351          Finished saving settings file "C:\Users\sami1\VirtualBox VMs\Test1\Test1.vbox"
01:32:03.501035          ERROR [COM]: aRC=VBOX_E_INVALID_VM_STATE (0x80bb0002) aIID={300763af-5d6b-46e6-aa96-273eac15538a} aComponent={MachineWrap} aText={The machine is not mutable (state is Running)}, preserve=false aResultDetail=0
01:32:03.501188          ERROR [COM]: aRC=VBOX_E_INVALID_VM_STATE (0x80bb0002) aIID={300763af-5d6b-46e6-aa96-273eac15538a} aComponent={MachineWrap} aText={The machine is not mutable (state is Running)}, preserve=false aResultDetail=0
01:32:06.684404          ERROR [COM]: aRC=VBOX_E_INVALID_VM_STATE (0x80bb0002) aIID={300763af-5d6b-46e6-aa96-273eac15538a} aComponent={MachineWrap} aText={The machine is not mutable (state is Paused)}, preserve=false aResultDetail=0
01:32:06.692743          ERROR [COM]: aRC=VBOX_E_INVALID_VM_STATE (0x80bb0002) aIID={300763af-5d6b-46e6-aa96-273eac15538a} aComponent={MachineWrap} aText={The machine is not mutable (state is Paused)}, preserve=false aResultDetail=0
01:32:08.975870          ERROR [COM]: aRC=VBOX_E_INVALID_VM_STATE (0x80bb0002) aIID={300763af-5d6b-46e6-aa96-273eac15538a} aComponent={MachineWrap} aText={The machine is not mutable (state is Stopping)}, preserve=false aResultDetail=0
01:32:08.976297          ERROR [COM]: aRC=VBOX_E_INVALID_VM_STATE (0x80bb0002) aIID={300763af-5d6b-46e6-aa96-273eac15538a} aComponent={MachineWrap} aText={The machine is not mutable (state is Stopping)}, preserve=false aResultDetail=0
01:32:08.977771          Saving settings file "C:\Users\sami1\VirtualBox VMs\Test1\Test1.vbox" with version "1.19-windows"
01:32:09.153534          Finished saving settings file "C:\Users\sami1\VirtualBox VMs\Test1\Test1.vbox"
01:32:09.216284          ERROR [COM]: aRC=VBOX_E_INVALID_VM_STATE (0x80bb0002) aIID={300763af-5d6b-46e6-aa96-273eac15538a} aComponent={MachineWrap} aText={The machine is not mutable (state is PoweredOff)}, preserve=false aResultDetail=0
01:32:09.216459          ERROR [COM]: aRC=VBOX_E_INVALID_VM_STATE (0x80bb0002) aIID={300763af-5d6b-46e6-aa96-273eac15538a} aComponent={MachineWrap} aText={The machine is not mutable (state is PoweredOff)}, preserve=false aResultDetail=0
01:32:10.029031          ERROR [COM]: aRC=VBOX_E_INVALID_VM_STATE (0x80bb0002) aIID={300763af-5d6b-46e6-aa96-273eac15538a} aComponent={MachineWrap} aText={The machine is not mutable (state is PoweredOff)}, preserve=false aResultDetail=0
01:32:10.029433          ERROR [COM]: aRC=VBOX_E_INVALID_VM_STATE (0x80bb0002) aIID={300763af-5d6b-46e6-aa96-273eac15538a} aComponent={MachineWrap} aText={The machine is not mutable (state is PoweredOff)}, preserve=false aResultDetail=0
01:32:14.794142          Saving settings file "C:\Users\sami1\.VirtualBox\VirtualBox.xml" with version "1.12-windows"
01:32:14.828288          Finished saving settings file "C:\Users\sami1\.VirtualBox\VirtualBox.xml"
01:32:14.828992          Saving settings file "C:\Users\sami1\.VirtualBox\VirtualBox.xml" with version "1.12-windows"
01:32:14.861448          Finished saving settings file "C:\Users\sami1\.VirtualBox\VirtualBox.xml"
01:32:14.862129          Saving settings file "C:\Users\sami1\.VirtualBox\VirtualBox.xml" with version "1.12-windows"
01:32:14.895178          Finished saving settings file "C:\Users\sami1\.VirtualBox\VirtualBox.xml"
01:32:16.761173          ERROR [COM]: aRC=VBOX_E_INVALID_VM_STATE (0x80bb0002) aIID={300763af-5d6b-46e6-aa96-273eac15538a} aComponent={MachineWrap} aText={The machine is not mutable (state is PoweredOff)}, preserve=false aResultDetail=0
01:32:19.432987          Launched VM: 2308543168 pid: 11172 (0x2ba4) frontend: GUI/Qt name: Test1
01:32:19.491318          ERROR [COM]: aRC=VBOX_E_INVALID_VM_STATE (0x80bb0002) aIID={300763af-5d6b-46e6-aa96-273eac15538a} aComponent={MachineWrap} aText={The machine is not mutable (state is PoweredOff)}, preserve=false aResultDetail=0
01:32:19.495329          ERROR [COM]: aRC=VBOX_E_INVALID_VM_STATE (0x80bb0002) aIID={300763af-5d6b-46e6-aa96-273eac15538a} aComponent={MachineWrap} aText={The machine is not mutable (state is PoweredOff)}, preserve=false aResultDetail=0
01:32:19.495874          ERROR [COM]: aRC=VBOX_E_INVALID_VM_STATE (0x80bb0002) aIID={300763af-5d6b-46e6-aa96-273eac15538a} aComponent={MachineWrap} aText={The machine is not mutable (state is PoweredOff)}, preserve=false aResultDetail=0
01:32:31.565503          ERROR [COM]: aRC=VBOX_E_INVALID_VM_STATE (0x80bb0002) aIID={300763af-5d6b-46e6-aa96-273eac15538a} aComponent={MachineWrap} aText={The machine is not mutable (state is PoweredOff)}, preserve=false aResultDetail=0
01:32:31.566509          ERROR [COM]: aRC=VBOX_E_INVALID_VM_STATE (0x80bb0002) aIID={300763af-5d6b-46e6-aa96-273eac15538a} aComponent={MachineWrap} aText={The machine is not mutable (state is PoweredOff)}, preserve=false aResultDetail=0
01:32:31.566902          ERROR [COM]: aRC=VBOX_E_INVALID_VM_STATE (0x80bb0002) aIID={300763af-5d6b-46e6-aa96-273eac15538a} aComponent={MachineWrap} aText={The machine is not mutable (state is PoweredOff)}, preserve=false aResultDetail=0
01:32:33.240290          Load [C:\Program Files\Oracle\VirtualBox\ExtensionPacks\Oracle_VM_VirtualBox_Extension_Pack\win.amd64\VBoxHostWebcam.DLL] vrc=VINF_SUCCESS
01:32:36.399273          ERROR [COM]: aRC=VBOX_E_IPRT_ERROR (0x80bb0005) aIID={300763af-5d6b-46e6-aa96-273eac15538a} aComponent={SessionMachine} aText={Saved screenshot data is not available (VERR_NOT_SUPPORTED)}, preserve=false aResultDetail=-37
01:32:37.368498          ERROR [COM]: aRC=VBOX_E_INVALID_VM_STATE (0x80bb0002) aIID={300763af-5d6b-46e6-aa96-273eac15538a} aComponent={SessionMachine} aText={The machine is not mutable or saved (state is Starting)}, preserve=false aResultDetail=0
01:32:37.375452          Saving settings file "C:\Users\sami1\VirtualBox VMs\Test1\Test1.vbox" with version "1.19-windows"
01:32:37.410773          Finished saving settings file "C:\Users\sami1\VirtualBox VMs\Test1\Test1.vbox"
01:32:37.413053          ERROR [COM]: aRC=VBOX_E_INVALID_VM_STATE (0x80bb0002) aIID={300763af-5d6b-46e6-aa96-273eac15538a} aComponent={MachineWrap} aText={The machine is not mutable (state is Starting)}, preserve=false aResultDetail=0
01:32:37.441740          ERROR [COM]: aRC=VBOX_E_INVALID_VM_STATE (0x80bb0002) aIID={300763af-5d6b-46e6-aa96-273eac15538a} aComponent={MachineWrap} aText={The machine is not mutable (state is Starting)}, preserve=false aResultDetail=0
01:32:37.443426          ERROR [COM]: aRC=VBOX_E_INVALID_VM_STATE (0x80bb0002) aIID={300763af-5d6b-46e6-aa96-273eac15538a} aComponent={MachineWrap} aText={The machine is not mutable (state is Starting)}, preserve=false aResultDetail=0
01:32:37.444070          ERROR [COM]: aRC=VBOX_E_INVALID_VM_STATE (0x80bb0002) aIID={300763af-5d6b-46e6-aa96-273eac15538a} aComponent={MachineWrap} aText={The machine is not mutable (state is Starting)}, preserve=false aResultDetail=0
01:32:40.115523          ERROR [COM]: aRC=VBOX_E_OBJECT_NOT_FOUND (0x80bb0001) aIID={ad47ad09-787b-44ab-b343-a082a3f2dfb1} aComponent={MediumWrap} aText={Property 'CRYPT/KeyId' does not exist}, preserve=false aResultDetail=0
01:32:40.249735          ERROR [COM]: aRC=VBOX_E_INVALID_VM_STATE (0x80bb0002) aIID={300763af-5d6b-46e6-aa96-273eac15538a} aComponent={MachineWrap} aText={The machine is not mutable (state is Running)}, preserve=false aResultDetail=0
01:32:40.250116          ERROR [COM]: aRC=VBOX_E_INVALID_VM_STATE (0x80bb0002) aIID={300763af-5d6b-46e6-aa96-273eac15538a} aComponent={MachineWrap} aText={The machine is not mutable (state is Running)}, preserve=false aResultDetail=0
01:32:40.267853          ERROR [COM]: aRC=VBOX_E_INVALID_VM_STATE (0x80bb0002) aIID={300763af-5d6b-46e6-aa96-273eac15538a} aComponent={MachineWrap} aText={The machine is not mutable (state is Running)}, preserve=false aResultDetail=0
01:32:43.023384          Saving settings file "C:\Users\sami1\VirtualBox VMs\Test1\Test1.vbox" with version "1.19-windows"
01:32:43.098368          Finished saving settings file "C:\Users\sami1\VirtualBox VMs\Test1\Test1.vbox"
01:32:43.120785          ERROR [COM]: aRC=VBOX_E_INVALID_VM_STATE (0x80bb0002) aIID={300763af-5d6b-46e6-aa96-273eac15538a} aComponent={MachineWrap} aText={The machine is not mutable (state is Running)}, preserve=false aResultDetail=0
01:32:43.122688          ERROR [COM]: aRC=VBOX_E_INVALID_VM_STATE (0x80bb0002) aIID={300763af-5d6b-46e6-aa96-273eac15538a} aComponent={MachineWrap} aText={The machine is not mutable (state is Running)}, preserve=false aResultDetail=0
01:32:43.126487          ERROR [COM]: aRC=VBOX_E_INVALID_VM_STATE (0x80bb0002) aIID={300763af-5d6b-46e6-aa96-273eac15538a} aComponent={MachineWrap} aText={The machine is not mutable (state is Running)}, preserve=false aResultDetail=0
01:32:59.742055          Saving settings file "C:\Users\sami1\VirtualBox VMs\Test1\Test1.vbox" with version "1.19-windows"
01:32:59.785993          Finished saving settings file "C:\Users\sami1\VirtualBox VMs\Test1\Test1.vbox"
01:32:59.814423          ERROR [COM]: aRC=VBOX_E_INVALID_VM_STATE (0x80bb0002) aIID={300763af-5d6b-46e6-aa96-273eac15538a} aComponent={MachineWrap} aText={The machine is not mutable (state is Running)}, preserve=false aResultDetail=0
01:32:59.815561          ERROR [COM]: aRC=VBOX_E_INVALID_VM_STATE (0x80bb0002) aIID={300763af-5d6b-46e6-aa96-273eac15538a} aComponent={MachineWrap} aText={The machine is not mutable (state is Running)}, preserve=false aResultDetail=0
01:32:59.816698          ERROR [COM]: aRC=VBOX_E_INVALID_VM_STATE (0x80bb0002) aIID={300763af-5d6b-46e6-aa96-273eac15538a} aComponent={MachineWrap} aText={The machine is not mutable (state is Running)}, preserve=false aResultDetail=0
01:35:44.254200          Saving settings file "C:\Users\sami1\VirtualBox VMs\Test1\Test1.vbox" with version "1.19-windows"
01:35:44.295012          Finished saving settings file "C:\Users\sami1\VirtualBox VMs\Test1\Test1.vbox"
01:35:44.374765          ERROR [COM]: aRC=VBOX_E_INVALID_VM_STATE (0x80bb0002) aIID={300763af-5d6b-46e6-aa96-273eac15538a} aComponent={MachineWrap} aText={The machine is not mutable (state is Running)}, preserve=false aResultDetail=0
01:35:44.379720          ERROR [COM]: aRC=VBOX_E_INVALID_VM_STATE (0x80bb0002) aIID={300763af-5d6b-46e6-aa96-273eac15538a} aComponent={MachineWrap} aText={The machine is not mutable (state is Running)}, preserve=false aResultDetail=0
01:35:44.380638          ERROR [COM]: aRC=VBOX_E_INVALID_VM_STATE (0x80bb0002) aIID={300763af-5d6b-46e6-aa96-273eac15538a} aComponent={MachineWrap} aText={The machine is not mutable (state is Running)}, preserve=false aResultDetail=0
01:38:22.414215          Saving settings file "C:\Users\sami1\VirtualBox VMs\Test1\Test1.vbox" with version "1.19-windows"
01:38:22.459473          Finished saving settings file "C:\Users\sami1\VirtualBox VMs\Test1\Test1.vbox"
01:38:22.494422          ERROR [COM]: aRC=VBOX_E_INVALID_VM_STATE (0x80bb0002) aIID={300763af-5d6b-46e6-aa96-273eac15538a} aComponent={MachineWrap} aText={The machine is not mutable (state is PoweredOff)}, preserve=false aResultDetail=0
01:38:22.497637          ERROR [COM]: aRC=VBOX_E_INVALID_VM_STATE (0x80bb0002) aIID={300763af-5d6b-46e6-aa96-273eac15538a} aComponent={MachineWrap} aText={The machine is not mutable (state is PoweredOff)}, preserve=false aResultDetail=0
01:38:22.513389          ERROR [COM]: aRC=VBOX_E_INVALID_VM_STATE (0x80bb0002) aIID={300763af-5d6b-46e6-aa96-273eac15538a} aComponent={MachineWrap} aText={The machine is not mutable (state is PoweredOff)}, preserve=false aResultDetail=0
01:38:24.007956          ERROR [COM]: aRC=VBOX_E_INVALID_VM_STATE (0x80bb0002) aIID={300763af-5d6b-46e6-aa96-273eac15538a} aComponent={MachineWrap} aText={The machine is not mutable (state is PoweredOff)}, preserve=false aResultDetail=0
01:38:24.009181          ERROR [COM]: aRC=VBOX_E_INVALID_VM_STATE (0x80bb0002) aIID={300763af-5d6b-46e6-aa96-273eac15538a} aComponent={MachineWrap} aText={The machine is not mutable (state is PoweredOff)}, preserve=false aResultDetail=0
01:38:24.009542          ERROR [COM]: aRC=VBOX_E_INVALID_VM_STATE (0x80bb0002) aIID={300763af-5d6b-46e6-aa96-273eac15538a} aComponent={MachineWrap} aText={The machine is not mutable (state is PoweredOff)}, preserve=false aResultDetail=0
02:46:49.035624          Launched VM: 2279695744 pid: 15704 (0x3d58) frontend: GUI/Qt name: Test1
02:46:49.054516          ERROR [COM]: aRC=VBOX_E_INVALID_VM_STATE (0x80bb0002) aIID={300763af-5d6b-46e6-aa96-273eac15538a} aComponent={MachineWrap} aText={The machine is not mutable (state is PoweredOff)}, preserve=false aResultDetail=0
02:46:49.055015          ERROR [COM]: aRC=VBOX_E_INVALID_VM_STATE (0x80bb0002) aIID={300763af-5d6b-46e6-aa96-273eac15538a} aComponent={MachineWrap} aText={The machine is not mutable (state is PoweredOff)}, preserve=false aResultDetail=0
02:46:49.056434          ERROR [COM]: aRC=VBOX_E_INVALID_VM_STATE (0x80bb0002) aIID={300763af-5d6b-46e6-aa96-273eac15538a} aComponent={MachineWrap} aText={The machine is not mutable (state is PoweredOff)}, preserve=false aResultDetail=0
02:46:55.016942          ERROR [COM]: aRC=VBOX_E_INVALID_VM_STATE (0x80bb0002) aIID={300763af-5d6b-46e6-aa96-273eac15538a} aComponent={MachineWrap} aText={The machine is not mutable (state is PoweredOff)}, preserve=false aResultDetail=0
02:46:55.017478          ERROR [COM]: aRC=VBOX_E_INVALID_VM_STATE (0x80bb0002) aIID={300763af-5d6b-46e6-aa96-273eac15538a} aComponent={MachineWrap} aText={The machine is not mutable (state is PoweredOff)}, preserve=false aResultDetail=0
02:46:55.017566          ERROR [COM]: aRC=VBOX_E_INVALID_VM_STATE (0x80bb0002) aIID={300763af-5d6b-46e6-aa96-273eac15538a} aComponent={MachineWrap} aText={The machine is not mutable (state is PoweredOff)}, preserve=false aResultDetail=0
02:46:55.574879          Load [C:\Program Files\Oracle\VirtualBox\ExtensionPacks\Oracle_VM_VirtualBox_Extension_Pack\win.amd64\VBoxHostWebcam.DLL] vrc=VINF_SUCCESS
02:46:56.654303          ERROR [COM]: aRC=VBOX_E_IPRT_ERROR (0x80bb0005) aIID={300763af-5d6b-46e6-aa96-273eac15538a} aComponent={SessionMachine} aText={Saved screenshot data is not available (VERR_NOT_SUPPORTED)}, preserve=false aResultDetail=-37
02:46:57.077139          ERROR [COM]: aRC=VBOX_E_INVALID_VM_STATE (0x80bb0002) aIID={300763af-5d6b-46e6-aa96-273eac15538a} aComponent={SessionMachine} aText={The machine is not mutable or saved (state is Starting)}, preserve=false aResultDetail=0
02:46:57.079413          Saving settings file "C:\Users\sami1\VirtualBox VMs\Test1\Test1.vbox" with version "1.19-windows"
02:46:57.107071          Finished saving settings file "C:\Users\sami1\VirtualBox VMs\Test1\Test1.vbox"
02:46:57.107590          ERROR [COM]: aRC=VBOX_E_INVALID_VM_STATE (0x80bb0002) aIID={300763af-5d6b-46e6-aa96-273eac15538a} aComponent={MachineWrap} aText={The machine is not mutable (state is Starting)}, preserve=false aResultDetail=0
02:46:57.107959          ERROR [COM]: aRC=VBOX_E_INVALID_VM_STATE (0x80bb0002) aIID={300763af-5d6b-46e6-aa96-273eac15538a} aComponent={MachineWrap} aText={The machine is not mutable (state is Starting)}, preserve=false aResultDetail=0
02:46:57.108849          ERROR [COM]: aRC=VBOX_E_INVALID_VM_STATE (0x80bb0002) aIID={300763af-5d6b-46e6-aa96-273eac15538a} aComponent={MachineWrap} aText={The machine is not mutable (state is Starting)}, preserve=false aResultDetail=0
02:46:57.132063          ERROR [COM]: aRC=VBOX_E_INVALID_VM_STATE (0x80bb0002) aIID={300763af-5d6b-46e6-aa96-273eac15538a} aComponent={MachineWrap} aText={The machine is not mutable (state is Starting)}, preserve=false aResultDetail=0
02:46:57.132324          ERROR [COM]: aRC=VBOX_E_INVALID_VM_STATE (0x80bb0002) aIID={300763af-5d6b-46e6-aa96-273eac15538a} aComponent={MachineWrap} aText={The machine is not mutable (state is Starting)}, preserve=false aResultDetail=0
02:46:57.143694          ERROR [COM]: aRC=VBOX_E_INVALID_VM_STATE (0x80bb0002) aIID={300763af-5d6b-46e6-aa96-273eac15538a} aComponent={MachineWrap} aText={The machine is not mutable (state is Starting)}, preserve=false aResultDetail=0
02:46:58.885378          ERROR [COM]: aRC=VBOX_E_OBJECT_NOT_FOUND (0x80bb0001) aIID={ad47ad09-787b-44ab-b343-a082a3f2dfb1} aComponent={MediumWrap} aText={Property 'CRYPT/KeyId' does not exist}, preserve=false aResultDetail=0
02:46:58.915579          ERROR [COM]: aRC=VBOX_E_INVALID_VM_STATE (0x80bb0002) aIID={300763af-5d6b-46e6-aa96-273eac15538a} aComponent={MachineWrap} aText={The machine is not mutable (state is Running)}, preserve=false aResultDetail=0
02:46:58.915969          ERROR [COM]: aRC=VBOX_E_INVALID_VM_STATE (0x80bb0002) aIID={300763af-5d6b-46e6-aa96-273eac15538a} aComponent={MachineWrap} aText={The machine is not mutable (state is Running)}, preserve=false aResultDetail=0
02:46:58.916005          ERROR [COM]: aRC=VBOX_E_INVALID_VM_STATE (0x80bb0002) aIID={300763af-5d6b-46e6-aa96-273eac15538a} aComponent={MachineWrap} aText={The machine is not mutable (state is Running)}, preserve=false aResultDetail=0
02:47:01.713256          Saving settings file "C:\Users\sami1\VirtualBox VMs\Test1\Test1.vbox" with version "1.19-windows"
02:47:01.748807          Finished saving settings file "C:\Users\sami1\VirtualBox VMs\Test1\Test1.vbox"
02:47:01.757699          ERROR [COM]: aRC=VBOX_E_INVALID_VM_STATE (0x80bb0002) aIID={300763af-5d6b-46e6-aa96-273eac15538a} aComponent={MachineWrap} aText={The machine is not mutable (state is Running)}, preserve=false aResultDetail=0
02:47:01.757868          ERROR [COM]: aRC=VBOX_E_INVALID_VM_STATE (0x80bb0002) aIID={300763af-5d6b-46e6-aa96-273eac15538a} aComponent={MachineWrap} aText={The machine is not mutable (state is Running)}, preserve=false aResultDetail=0
02:47:01.757990          ERROR [COM]: aRC=VBOX_E_INVALID_VM_STATE (0x80bb0002) aIID={300763af-5d6b-46e6-aa96-273eac15538a} aComponent={MachineWrap} aText={The machine is not mutable (state is Running)}, preserve=false aResultDetail=0
02:47:15.710231          Saving settings file "C:\Users\sami1\VirtualBox VMs\Test1\Test1.vbox" with version "1.19-windows"
02:47:15.757506          Finished saving settings file "C:\Users\sami1\VirtualBox VMs\Test1\Test1.vbox"
02:47:15.766333          ERROR [COM]: aRC=VBOX_E_INVALID_VM_STATE (0x80bb0002) aIID={300763af-5d6b-46e6-aa96-273eac15538a} aComponent={MachineWrap} aText={The machine is not mutable (state is Running)}, preserve=false aResultDetail=0
02:47:15.766559          ERROR [COM]: aRC=VBOX_E_INVALID_VM_STATE (0x80bb0002) aIID={300763af-5d6b-46e6-aa96-273eac15538a} aComponent={MachineWrap} aText={The machine is not mutable (state is Running)}, preserve=false aResultDetail=0
02:47:15.781596          ERROR [COM]: aRC=VBOX_E_INVALID_VM_STATE (0x80bb0002) aIID={300763af-5d6b-46e6-aa96-273eac15538a} aComponent={MachineWrap} aText={The machine is not mutable (state is Running)}, preserve=false aResultDetail=0
02:48:37.216631          Saving settings file "C:\Users\sami1\VirtualBox VMs\Test1\Test1.vbox" with version "1.19-windows"
02:48:37.253800          Finished saving settings file "C:\Users\sami1\VirtualBox VMs\Test1\Test1.vbox"
02:48:37.263614          ERROR [COM]: aRC=VBOX_E_INVALID_VM_STATE (0x80bb0002) aIID={300763af-5d6b-46e6-aa96-273eac15538a} aComponent={MachineWrap} aText={The machine is not mutable (state is Running)}, preserve=false aResultDetail=0
02:48:37.264865          ERROR [COM]: aRC=VBOX_E_INVALID_VM_STATE (0x80bb0002) aIID={300763af-5d6b-46e6-aa96-273eac15538a} aComponent={MachineWrap} aText={The machine is not mutable (state is Running)}, preserve=false aResultDetail=0
02:48:37.264901          ERROR [COM]: aRC=VBOX_E_INVALID_VM_STATE (0x80bb0002) aIID={300763af-5d6b-46e6-aa96-273eac15538a} aComponent={MachineWrap} aText={The machine is not mutable (state is Running)}, preserve=false aResultDetail=0
02:49:08.367473          Saving settings file "C:\Users\sami1\VirtualBox VMs\Test1\Test1.vbox" with version "1.19-windows"
02:49:08.426623          Finished saving settings file "C:\Users\sami1\VirtualBox VMs\Test1\Test1.vbox"
02:49:08.437440          ERROR [COM]: aRC=VBOX_E_INVALID_VM_STATE (0x80bb0002) aIID={300763af-5d6b-46e6-aa96-273eac15538a} aComponent={MachineWrap} aText={The machine is not mutable (state is Running)}, preserve=false aResultDetail=0
02:49:08.437524          ERROR [COM]: aRC=VBOX_E_INVALID_VM_STATE (0x80bb0002) aIID={300763af-5d6b-46e6-aa96-273eac15538a} aComponent={MachineWrap} aText={The machine is not mutable (state is Running)}, preserve=false aResultDetail=0
02:49:08.437572          ERROR [COM]: aRC=VBOX_E_INVALID_VM_STATE (0x80bb0002) aIID={300763af-5d6b-46e6-aa96-273eac15538a} aComponent={MachineWrap} aText={The machine is not mutable (state is Running)}, preserve=false aResultDetail=0
02:50:27.416389          Saving settings file "C:\Users\sami1\VirtualBox VMs\Test1\Test1.vbox" with version "1.19-windows"
02:50:27.476531          Finished saving settings file "C:\Users\sami1\VirtualBox VMs\Test1\Test1.vbox"
02:50:27.489770          ERROR [COM]: aRC=VBOX_E_INVALID_VM_STATE (0x80bb0002) aIID={300763af-5d6b-46e6-aa96-273eac15538a} aComponent={MachineWrap} aText={The machine is not mutable (state is Running)}, preserve=false aResultDetail=0
02:50:27.492009          ERROR [COM]: aRC=VBOX_E_INVALID_VM_STATE (0x80bb0002) aIID={300763af-5d6b-46e6-aa96-273eac15538a} aComponent={MachineWrap} aText={The machine is not mutable (state is Running)}, preserve=false aResultDetail=0
02:50:27.492216          ERROR [COM]: aRC=VBOX_E_INVALID_VM_STATE (0x80bb0002) aIID={300763af-5d6b-46e6-aa96-273eac15538a} aComponent={MachineWrap} aText={The machine is not mutable (state is Running)}, preserve=false aResultDetail=0
02:52:21.780710          ERROR [COM]: aRC=VBOX_E_INVALID_VM_STATE (0x80bb0002) aIID={300763af-5d6b-46e6-aa96-273eac15538a} aComponent={MachineWrap} aText={The machine is not mutable (state is Paused)}, preserve=false aResultDetail=0
02:52:21.780917          ERROR [COM]: aRC=VBOX_E_INVALID_VM_STATE (0x80bb0002) aIID={300763af-5d6b-46e6-aa96-273eac15538a} aComponent={MachineWrap} aText={The machine is not mutable (state is Paused)}, preserve=false aResultDetail=0
02:52:21.784087          ERROR [COM]: aRC=VBOX_E_INVALID_VM_STATE (0x80bb0002) aIID={300763af-5d6b-46e6-aa96-273eac15538a} aComponent={MachineWrap} aText={The machine is not mutable (state is Paused)}, preserve=false aResultDetail=0
02:52:27.224293          ERROR [COM]: aRC=VBOX_E_INVALID_VM_STATE (0x80bb0002) aIID={300763af-5d6b-46e6-aa96-273eac15538a} aComponent={MachineWrap} aText={The machine is not mutable (state is Running)}, preserve=false aResultDetail=0
02:52:27.224951          ERROR [COM]: aRC=VBOX_E_INVALID_VM_STATE (0x80bb0002) aIID={300763af-5d6b-46e6-aa96-273eac15538a} aComponent={MachineWrap} aText={The machine is not mutable (state is Running)}, preserve=false aResultDetail=0
02:52:27.224990          ERROR [COM]: aRC=VBOX_E_INVALID_VM_STATE (0x80bb0002) aIID={300763af-5d6b-46e6-aa96-273eac15538a} aComponent={MachineWrap} aText={The machine is not mutable (state is Running)}, preserve=false aResultDetail=0
02:52:49.055558          Saving settings file "C:\Users\sami1\VirtualBox VMs\Test1\Test1.vbox" with version "1.19-windows"
02:52:49.082546          Finished saving settings file "C:\Users\sami1\VirtualBox VMs\Test1\Test1.vbox"
02:52:49.092223          ERROR [COM]: aRC=VBOX_E_INVALID_VM_STATE (0x80bb0002) aIID={300763af-5d6b-46e6-aa96-273eac15538a} aComponent={MachineWrap} aText={The machine is not mutable (state is Running)}, preserve=false aResultDetail=0
02:52:49.092350          ERROR [COM]: aRC=VBOX_E_INVALID_VM_STATE (0x80bb0002) aIID={300763af-5d6b-46e6-aa96-273eac15538a} aComponent={MachineWrap} aText={The machine is not mutable (state is Running)}, preserve=false aResultDetail=0
02:52:49.092731          ERROR [COM]: aRC=VBOX_E_INVALID_VM_STATE (0x80bb0002) aIID={300763af-5d6b-46e6-aa96-273eac15538a} aComponent={MachineWrap} aText={The machine is not mutable (state is Running)}, preserve=false aResultDetail=0
02:55:32.936879          Saving settings file "C:\Users\sami1\VirtualBox VMs\Test1\Test1.vbox" with version "1.19-windows"
02:55:32.995368          Finished saving settings file "C:\Users\sami1\VirtualBox VMs\Test1\Test1.vbox"
02:55:33.003467          ERROR [COM]: aRC=VBOX_E_INVALID_VM_STATE (0x80bb0002) aIID={300763af-5d6b-46e6-aa96-273eac15538a} aComponent={MachineWrap} aText={The machine is not mutable (state is Running)}, preserve=false aResultDetail=0
02:55:35.180281          Saving settings file "C:\Users\sami1\VirtualBox VMs\Test1\Test1.vbox" with version "1.19-windows"
02:55:35.303051          Finished saving settings file "C:\Users\sami1\VirtualBox VMs\Test1\Test1.vbox"
02:55:35.308208          ERROR [COM]: aRC=VBOX_E_INVALID_VM_STATE (0x80bb0002) aIID={300763af-5d6b-46e6-aa96-273eac15538a} aComponent={MachineWrap} aText={The machine is not mutable (state is Running)}, preserve=false aResultDetail=0
02:56:16.433160          Saving settings file "C:\Users\sami1\VirtualBox VMs\Test1\Test1.vbox" with version "1.19-windows"
02:56:16.500883          Finished saving settings file "C:\Users\sami1\VirtualBox VMs\Test1\Test1.vbox"
02:56:16.506058          ERROR [COM]: aRC=VBOX_E_INVALID_VM_STATE (0x80bb0002) aIID={300763af-5d6b-46e6-aa96-273eac15538a} aComponent={MachineWrap} aText={The machine is not mutable (state is Running)}, preserve=false aResultDetail=0
02:56:31.121353          Saving settings file "C:\Users\sami1\VirtualBox VMs\Test1\Test1.vbox" with version "1.19-windows"
02:56:31.146707          Finished saving settings file "C:\Users\sami1\VirtualBox VMs\Test1\Test1.vbox"
02:56:31.151688          ERROR [COM]: aRC=VBOX_E_INVALID_VM_STATE (0x80bb0002) aIID={300763af-5d6b-46e6-aa96-273eac15538a} aComponent={MachineWrap} aText={The machine is not mutable (state is Running)}, preserve=false aResultDetail=0
02:56:34.730427          Saving settings file "C:\Users\sami1\VirtualBox VMs\Test1\Test1.vbox" with version "1.19-windows"
02:56:34.791259          Finished saving settings file "C:\Users\sami1\VirtualBox VMs\Test1\Test1.vbox"
02:56:34.795793          ERROR [COM]: aRC=VBOX_E_INVALID_VM_STATE (0x80bb0002) aIID={300763af-5d6b-46e6-aa96-273eac15538a} aComponent={MachineWrap} aText={The machine is not mutable (state is Running)}, preserve=false aResultDetail=0
02:58:56.148787          ERROR [COM]: aRC=VBOX_E_INVALID_VM_STATE (0x80bb0002) aIID={300763af-5d6b-46e6-aa96-273eac15538a} aComponent={MachineWrap} aText={The machine is not mutable (state is Paused)}, preserve=false aResultDetail=0
02:58:57.917301          ERROR [COM]: aRC=VBOX_E_INVALID_VM_STATE (0x80bb0002) aIID={300763af-5d6b-46e6-aa96-273eac15538a} aComponent={MachineWrap} aText={The machine is not mutable (state is Stopping)}, preserve=false aResultDetail=0
02:58:57.927307          Saving settings file "C:\Users\sami1\VirtualBox VMs\Test1\Test1.vbox" with version "1.19-windows"
02:58:58.040865          Finished saving settings file "C:\Users\sami1\VirtualBox VMs\Test1\Test1.vbox"
02:58:58.050719          ERROR [COM]: aRC=VBOX_E_INVALID_VM_STATE (0x80bb0002) aIID={300763af-5d6b-46e6-aa96-273eac15538a} aComponent={MachineWrap} aText={The machine is not mutable (state is PoweredOff)}, preserve=false aResultDetail=0
02:58:58.955812          ERROR [COM]: aRC=VBOX_E_INVALID_VM_STATE (0x80bb0002) aIID={300763af-5d6b-46e6-aa96-273eac15538a} aComponent={MachineWrap} aText={The machine is not mutable (state is PoweredOff)}, preserve=false aResultDetail=0
03:01:34.221702          Unattended: RTVfsQueryPathInfo(, '\OS2IMAGE\DISK_0/OS2LDR' (from OS2SE20.SRC),) -> VERR_PATH_NOT_FOUND, fMode=0x0
03:03:10.159656 createBase Saving settings file "C:\Users\sami1\.VirtualBox\VirtualBox.xml" with version "1.12-windows"
03:03:10.257163 createBase Finished saving settings file "C:\Users\sami1\.VirtualBox\VirtualBox.xml"
03:03:10.365109          Saving settings file "C:\Users\sami1\VirtualBox VMs\Sami\Sami.vbox" with version "1.19-windows"
03:03:10.392558          Finished saving settings file "C:\Users\sami1\VirtualBox VMs\Sami\Sami.vbox"
03:03:10.392717          Saving settings file "C:\Users\sami1\.VirtualBox\VirtualBox.xml" with version "1.12-windows"
03:03:10.418065          Finished saving settings file "C:\Users\sami1\.VirtualBox\VirtualBox.xml"
03:03:10.431366          Saving settings file "C:\Users\sami1\.VirtualBox\VirtualBox.xml" with version "1.12-windows"
03:03:10.467701          Finished saving settings file "C:\Users\sami1\.VirtualBox\VirtualBox.xml"
03:03:10.469584          Saving settings file "C:\Users\sami1\VirtualBox VMs\Sami\Sami.vbox" with version "1.19-windows"
03:03:10.490674          Finished saving settings file "C:\Users\sami1\VirtualBox VMs\Sami\Sami.vbox"
03:03:10.512361          Saving settings file "C:\Users\sami1\.VirtualBox\VirtualBox.xml" with version "1.12-windows"
03:03:10.541256          Finished saving settings file "C:\Users\sami1\.VirtualBox\VirtualBox.xml"
03:03:10.555749          ERROR [COM]: aRC=VBOX_E_INVALID_VM_STATE (0x80bb0002) aIID={300763af-5d6b-46e6-aa96-273eac15538a} aComponent={MachineWrap} aText={The machine is not mutable (state is PoweredOff)}, preserve=false aResultDetail=0
03:03:19.735667          Saving settings file "C:\Users\sami1\.VirtualBox\VirtualBox.xml" with version "1.12-windows"
03:03:19.819610          Finished saving settings file "C:\Users\sami1\.VirtualBox\VirtualBox.xml"
03:03:19.826307          ERROR [COM]: aRC=VBOX_E_INVALID_VM_STATE (0x80bb0002) aIID={300763af-5d6b-46e6-aa96-273eac15538a} aComponent={MachineWrap} aText={The machine is not mutable (state is PoweredOff)}, preserve=false aResultDetail=0
03:03:20.578688          Saving settings file "C:\Users\sami1\.VirtualBox\VirtualBox.xml" with version "1.12-windows"
03:03:20.652557          Finished saving settings file "C:\Users\sami1\.VirtualBox\VirtualBox.xml"
03:03:20.656424          ERROR [COM]: aRC=VBOX_E_INVALID_VM_STATE (0x80bb0002) aIID={300763af-5d6b-46e6-aa96-273eac15538a} aComponent={MachineWrap} aText={The machine is not mutable (state is PoweredOff)}, preserve=false aResultDetail=0
03:03:22.677077          ERROR [COM]: aRC=VBOX_E_OBJECT_NOT_FOUND (0x80bb0001) aIID={5bfd8965-b81b-469f-8649-f717ce97a5d5} aComponent={NvramStoreWrap} aText={The UEFI NVRAM file is not existing for this machine.}, preserve=false aResultDetail=0
03:03:23.011471          ERROR [COM]: aRC=VBOX_E_INVALID_VM_STATE (0x80bb0002) aIID={300763af-5d6b-46e6-aa96-273eac15538a} aComponent={MachineWrap} aText={The machine is not mutable (state is PoweredOff)}, preserve=false aResultDetail=0
03:03:25.852083          Launched VM: 2316055072 pid: 3944 (0xf68) frontend: GUI/Qt name: Sami
03:03:25.864494          ERROR [COM]: aRC=VBOX_E_INVALID_VM_STATE (0x80bb0002) aIID={300763af-5d6b-46e6-aa96-273eac15538a} aComponent={MachineWrap} aText={The machine is not mutable (state is PoweredOff)}, preserve=false aResultDetail=0
03:03:31.876246          ERROR [COM]: aRC=VBOX_E_INVALID_VM_STATE (0x80bb0002) aIID={300763af-5d6b-46e6-aa96-273eac15538a} aComponent={MachineWrap} aText={The machine is not mutable (state is PoweredOff)}, preserve=false aResultDetail=0
03:03:32.393641          Load [C:\Program Files\Oracle\VirtualBox\ExtensionPacks\Oracle_VM_VirtualBox_Extension_Pack\win.amd64\VBoxHostWebcam.DLL] vrc=VINF_SUCCESS
03:03:33.431449          ERROR [COM]: aRC=VBOX_E_IPRT_ERROR (0x80bb0005) aIID={300763af-5d6b-46e6-aa96-273eac15538a} aComponent={SessionMachine} aText={Saved screenshot data is not available (VERR_NOT_SUPPORTED)}, preserve=false aResultDetail=-37
03:03:33.768124          ERROR [COM]: aRC=VBOX_E_INVALID_VM_STATE (0x80bb0002) aIID={300763af-5d6b-46e6-aa96-273eac15538a} aComponent={MachineWrap} aText={The machine is not mutable (state is Starting)}, preserve=false aResultDetail=0
03:03:33.773243          ERROR [COM]: aRC=VBOX_E_INVALID_VM_STATE (0x80bb0002) aIID={300763af-5d6b-46e6-aa96-273eac15538a} aComponent={SessionMachine} aText={The machine is not mutable or saved (state is Starting)}, preserve=false aResultDetail=0
03:03:33.776771          Saving settings file "C:\Users\sami1\VirtualBox VMs\Sami\Sami.vbox" with version "1.19-windows"
03:03:33.807840          Finished saving settings file "C:\Users\sami1\VirtualBox VMs\Sami\Sami.vbox"
03:03:33.814867          ERROR [COM]: aRC=VBOX_E_INVALID_VM_STATE (0x80bb0002) aIID={300763af-5d6b-46e6-aa96-273eac15538a} aComponent={MachineWrap} aText={The machine is not mutable (state is Starting)}, preserve=false aResultDetail=0
03:03:35.571669          ERROR [COM]: aRC=VBOX_E_OBJECT_NOT_FOUND (0x80bb0001) aIID={ad47ad09-787b-44ab-b343-a082a3f2dfb1} aComponent={MediumWrap} aText={Property 'CRYPT/KeyId' does not exist}, preserve=false aResultDetail=0
03:03:35.572096          ERROR [COM]: aRC=VBOX_E_OBJECT_NOT_FOUND (0x80bb0001) aIID={ad47ad09-787b-44ab-b343-a082a3f2dfb1} aComponent={MediumWrap} aText={Property 'CRYPT/KeyId' does not exist}, preserve=false aResultDetail=0
03:03:35.598694          ERROR [COM]: aRC=VBOX_E_INVALID_VM_STATE (0x80bb0002) aIID={300763af-5d6b-46e6-aa96-273eac15538a} aComponent={MachineWrap} aText={The machine is not mutable (state is Running)}, preserve=false aResultDetail=0
03:03:58.506733          Saving settings file "C:\Users\sami1\VirtualBox VMs\Sami\Sami.vbox" with version "1.19-windows"
03:03:58.541558          Finished saving settings file "C:\Users\sami1\VirtualBox VMs\Sami\Sami.vbox"
03:03:58.547787          ERROR [COM]: aRC=VBOX_E_INVALID_VM_STATE (0x80bb0002) aIID={300763af-5d6b-46e6-aa96-273eac15538a} aComponent={MachineWrap} aText={The machine is not mutable (state is Running)}, preserve=false aResultDetail=0
03:04:04.945486          Saving settings file "C:\Users\sami1\VirtualBox VMs\Sami\Sami.vbox" with version "1.19-windows"
03:04:04.988994          Finished saving settings file "C:\Users\sami1\VirtualBox VMs\Sami\Sami.vbox"
03:04:04.996527          ERROR [COM]: aRC=VBOX_E_INVALID_VM_STATE (0x80bb0002) aIID={300763af-5d6b-46e6-aa96-273eac15538a} aComponent={MachineWrap} aText={The machine is not mutable (state is Running)}, preserve=false aResultDetail=0
03:04:05.027015          ERROR [COM]: aRC=VBOX_E_INVALID_VM_STATE (0x80bb0002) aIID={300763af-5d6b-46e6-aa96-273eac15538a} aComponent={MachineWrap} aText={The machine is not mutable (state is Running)}, preserve=false aResultDetail=0
03:07:22.281924 dns-monitor HostDnsMonitor: updating information
03:07:22.281960 dns-monitor HostDnsMonitor: unchanged
03:09:06.028235          Saving settings file "C:\Users\sami1\VirtualBox VMs\Sami\Sami.vbox" with version "1.19-windows"
03:09:06.073007          Finished saving settings file "C:\Users\sami1\VirtualBox VMs\Sami\Sami.vbox"
03:09:06.085351          ERROR [COM]: aRC=VBOX_E_INVALID_VM_STATE (0x80bb0002) aIID={300763af-5d6b-46e6-aa96-273eac15538a} aComponent={MachineWrap} aText={The machine is not mutable (state is Running)}, preserve=false aResultDetail=0
03:10:35.466764          Saving settings file "C:\Users\sami1\VirtualBox VMs\Sami\Sami.vbox" with version "1.19-windows"
03:10:35.512461          Finished saving settings file "C:\Users\sami1\VirtualBox VMs\Sami\Sami.vbox"
03:10:35.533796          ERROR [COM]: aRC=VBOX_E_INVALID_VM_STATE (0x80bb0002) aIID={300763af-5d6b-46e6-aa96-273eac15538a} aComponent={MachineWrap} aText={The machine is not mutable (state is Running)}, preserve=false aResultDetail=0
03:10:37.946382          Saving settings file "C:\Users\sami1\VirtualBox VMs\Sami\Sami.vbox" with version "1.19-windows"
03:10:38.003163          Finished saving settings file "C:\Users\sami1\VirtualBox VMs\Sami\Sami.vbox"
03:10:38.009132          ERROR [COM]: aRC=VBOX_E_INVALID_VM_STATE (0x80bb0002) aIID={300763af-5d6b-46e6-aa96-273eac15538a} aComponent={MachineWrap} aText={The machine is not mutable (state is Running)}, preserve=false aResultDetail=0
03:10:50.554914          Saving settings file "C:\Users\sami1\VirtualBox VMs\Sami\Sami.vbox" with version "1.19-windows"
03:10:50.728173          Finished saving settings file "C:\Users\sami1\VirtualBox VMs\Sami\Sami.vbox"
03:10:50.735617          ERROR [COM]: aRC=VBOX_E_INVALID_VM_STATE (0x80bb0002) aIID={300763af-5d6b-46e6-aa96-273eac15538a} aComponent={MachineWrap} aText={The machine is not mutable (state is Running)}, preserve=false aResultDetail=0
03:19:55.859394 USBPROXY usbLibGetDevices: Starting USB device enumeration
03:19:55.861927 USBPROXY Getting USB descriptor (id 0) failed (dwErr=31) on hub USB#ROOT_HUB30#4&16a96d44&0&0#{f18a0e88-c30c-11d0-8815-00a0c906bed8} port 6
03:19:55.862156 USBPROXY Getting USB descriptor (id 0) failed (dwErr=31) on hub USB#ROOT_HUB30#4&16a96d44&0&0#{f18a0e88-c30c-11d0-8815-00a0c906bed8} port 14
03:19:55.895906 USBPROXY usbLibGetDevices: Found 3 USB devices, 0 captured
03:27:56.917583          ERROR [COM]: aRC=VBOX_E_INVALID_VM_STATE (0x80bb0002) aIID={300763af-5d6b-46e6-aa96-273eac15538a} aComponent={SessionMachine} aText={The machine is not mutable (state is Running)}, preserve=false aResultDetail=0
03:28:34.103913          ERROR [COM]: aRC=VBOX_E_INVALID_VM_STATE (0x80bb0002) aIID={300763af-5d6b-46e6-aa96-273eac15538a} aComponent={SessionMachine} aText={The machine is not mutable (state is Running)}, preserve=false aResultDetail=0
03:36:36.929187 dns-monitor HostDnsMonitor: updating information
03:36:36.929276 dns-monitor HostDnsMonitor: unchanged
03:39:26.966420          Saving settings file "C:\Users\sami1\VirtualBox VMs\Sami\Sami.vbox" with version "1.19-windows"
03:39:27.008927          Finished saving settings file "C:\Users\sami1\VirtualBox VMs\Sami\Sami.vbox"
03:39:27.053929          ERROR [COM]: aRC=VBOX_E_INVALID_VM_STATE (0x80bb0002) aIID={300763af-5d6b-46e6-aa96-273eac15538a} aComponent={MachineWrap} aText={The machine is not mutable (state is PoweredOff)}, preserve=false aResultDetail=0
03:39:28.079147          ERROR [COM]: aRC=VBOX_E_INVALID_VM_STATE (0x80bb0002) aIID={300763af-5d6b-46e6-aa96-273eac15538a} aComponent={MachineWrap} aText={The machine is not mutable (state is PoweredOff)}, preserve=false aResultDetail=0
03:39:39.803647          ERROR [COM]: aRC=VBOX_E_OBJECT_NOT_FOUND (0x80bb0001) aIID={5bfd8965-b81b-469f-8649-f717ce97a5d5} aComponent={NvramStoreWrap} aText={The UEFI NVRAM file is not existing for this machine.}, preserve=false aResultDetail=0
03:39:40.034597          ERROR [COM]: aRC=VBOX_E_INVALID_VM_STATE (0x80bb0002) aIID={300763af-5d6b-46e6-aa96-273eac15538a} aComponent={MachineWrap} aText={The machine is not mutable (state is PoweredOff)}, preserve=false aResultDetail=0
03:39:40.106955          ERROR [COM]: aRC=VBOX_E_INVALID_VM_STATE (0x80bb0002) aIID={300763af-5d6b-46e6-aa96-273eac15538a} aComponent={MachineWrap} aText={The machine is not mutable (state is PoweredOff)}, preserve=false aResultDetail=0
03:43:58.391830 dns-monitor HostDnsMonitor: updating information
03:43:58.391923 dns-monitor HostDnsMonitor: unchanged
03:44:32.280394          Launched VM: 2317986448 pid: 14304 (0x37e0) frontend: GUI/Qt name: Sami
03:44:32.341385          ERROR [COM]: aRC=VBOX_E_INVALID_VM_STATE (0x80bb0002) aIID={300763af-5d6b-46e6-aa96-273eac15538a} aComponent={MachineWrap} aText={The machine is not mutable (state is PoweredOff)}, preserve=false aResultDetail=0
03:44:43.882905          ERROR [COM]: aRC=VBOX_E_INVALID_VM_STATE (0x80bb0002) aIID={300763af-5d6b-46e6-aa96-273eac15538a} aComponent={MachineWrap} aText={The machine is not mutable (state is PoweredOff)}, preserve=false aResultDetail=0
03:44:45.490382          Load [C:\Program Files\Oracle\VirtualBox\ExtensionPacks\Oracle_VM_VirtualBox_Extension_Pack\win.amd64\VBoxHostWebcam.DLL] vrc=VINF_SUCCESS
03:44:48.910266          ERROR [COM]: aRC=VBOX_E_IPRT_ERROR (0x80bb0005) aIID={300763af-5d6b-46e6-aa96-273eac15538a} aComponent={SessionMachine} aText={Saved screenshot data is not available (VERR_NOT_SUPPORTED)}, preserve=false aResultDetail=-37
03:44:49.832742          ERROR [COM]: aRC=VBOX_E_INVALID_VM_STATE (0x80bb0002) aIID={300763af-5d6b-46e6-aa96-273eac15538a} aComponent={SessionMachine} aText={The machine is not mutable or saved (state is Starting)}, preserve=false aResultDetail=0
03:44:49.833655          ERROR [COM]: aRC=VBOX_E_INVALID_VM_STATE (0x80bb0002) aIID={300763af-5d6b-46e6-aa96-273eac15538a} aComponent={MachineWrap} aText={The machine is not mutable (state is Starting)}, preserve=false aResultDetail=0
03:44:49.839148          Saving settings file "C:\Users\sami1\VirtualBox VMs\Sami\Sami.vbox" with version "1.19-windows"
03:44:49.868256          Finished saving settings file "C:\Users\sami1\VirtualBox VMs\Sami\Sami.vbox"
03:44:49.891058          ERROR [COM]: aRC=VBOX_E_INVALID_VM_STATE (0x80bb0002) aIID={300763af-5d6b-46e6-aa96-273eac15538a} aComponent={MachineWrap} aText={The machine is not mutable (state is Starting)}, preserve=false aResultDetail=0
03:44:52.653529          ERROR [COM]: aRC=VBOX_E_OBJECT_NOT_FOUND (0x80bb0001) aIID={ad47ad09-787b-44ab-b343-a082a3f2dfb1} aComponent={MediumWrap} aText={Property 'CRYPT/KeyId' does not exist}, preserve=false aResultDetail=0
03:44:52.725613          ERROR [COM]: aRC=VBOX_E_INVALID_VM_STATE (0x80bb0002) aIID={300763af-5d6b-46e6-aa96-273eac15538a} aComponent={MachineWrap} aText={The machine is not mutable (state is Running)}, preserve=false aResultDetail=0
03:44:55.554274          Saving settings file "C:\Users\sami1\VirtualBox VMs\Sami\Sami.vbox" with version "1.19-windows"
03:44:55.605661          Finished saving settings file "C:\Users\sami1\VirtualBox VMs\Sami\Sami.vbox"
03:44:55.613116          ERROR [COM]: aRC=VBOX_E_INVALID_VM_STATE (0x80bb0002) aIID={300763af-5d6b-46e6-aa96-273eac15538a} aComponent={MachineWrap} aText={The machine is not mutable (state is Running)}, preserve=false aResultDetail=0
03:45:12.125222          Saving settings file "C:\Users\sami1\VirtualBox VMs\Sami\Sami.vbox" with version "1.19-windows"
03:45:12.162802          Finished saving settings file "C:\Users\sami1\VirtualBox VMs\Sami\Sami.vbox"
03:45:12.188510          ERROR [COM]: aRC=VBOX_E_INVALID_VM_STATE (0x80bb0002) aIID={300763af-5d6b-46e6-aa96-273eac15538a} aComponent={MachineWrap} aText={The machine is not mutable (state is Running)}, preserve=false aResultDetail=0
03:52:51.133921          ERROR [COM]: aRC=VBOX_E_INVALID_VM_STATE (0x80bb0002) aIID={300763af-5d6b-46e6-aa96-273eac15538a} aComponent={MachineWrap} aText={The machine is not mutable (state is Paused)}, preserve=false aResultDetail=0
03:52:58.292936          Saving settings file "C:\Users\sami1\VirtualBox VMs\Sami\Sami.vbox" with version "1.19-windows"
03:52:58.348597          Finished saving settings file "C:\Users\sami1\VirtualBox VMs\Sami\Sami.vbox"
03:52:58.451356          ERROR [COM]: aRC=VBOX_E_INVALID_VM_STATE (0x80bb0002) aIID={300763af-5d6b-46e6-aa96-273eac15538a} aComponent={MachineWrap} aText={The machine is not mutable (state is Stopping)}, preserve=false aResultDetail=0
03:52:58.467834          Saving settings file "C:\Users\sami1\VirtualBox VMs\Sami\Sami.vbox" with version "1.19-windows"
03:52:58.511471          Finished saving settings file "C:\Users\sami1\VirtualBox VMs\Sami\Sami.vbox"
03:52:58.545657          ERROR [COM]: aRC=VBOX_E_INVALID_VM_STATE (0x80bb0002) aIID={300763af-5d6b-46e6-aa96-273eac15538a} aComponent={MachineWrap} aText={The machine is not mutable (state is PoweredOff)}, preserve=false aResultDetail=0
03:52:59.550756          ERROR [COM]: aRC=VBOX_E_INVALID_VM_STATE (0x80bb0002) aIID={300763af-5d6b-46e6-aa96-273eac15538a} aComponent={MachineWrap} aText={The machine is not mutable (state is PoweredOff)}, preserve=false aResultDetail=0
03:59:24.292234          Launched VM: 2318822288 pid: 17044 (0x4294) frontend: GUI/Qt name: Sami
03:59:24.320193          ERROR [COM]: aRC=VBOX_E_INVALID_VM_STATE (0x80bb0002) aIID={300763af-5d6b-46e6-aa96-273eac15538a} aComponent={MachineWrap} aText={The machine is not mutable (state is PoweredOff)}, preserve=false aResultDetail=0
03:59:35.816580          ERROR [COM]: aRC=VBOX_E_INVALID_VM_STATE (0x80bb0002) aIID={300763af-5d6b-46e6-aa96-273eac15538a} aComponent={MachineWrap} aText={The machine is not mutable (state is PoweredOff)}, preserve=false aResultDetail=0
03:59:37.424342          Load [C:\Program Files\Oracle\VirtualBox\ExtensionPacks\Oracle_VM_VirtualBox_Extension_Pack\win.amd64\VBoxHostWebcam.DLL] vrc=VINF_SUCCESS
03:59:40.820326          ERROR [COM]: aRC=VBOX_E_IPRT_ERROR (0x80bb0005) aIID={300763af-5d6b-46e6-aa96-273eac15538a} aComponent={SessionMachine} aText={Saved screenshot data is not available (VERR_NOT_SUPPORTED)}, preserve=false aResultDetail=-37
03:59:41.661998          ERROR [COM]: aRC=VBOX_E_INVALID_VM_STATE (0x80bb0002) aIID={300763af-5d6b-46e6-aa96-273eac15538a} aComponent={SessionMachine} aText={The machine is not mutable or saved (state is Starting)}, preserve=false aResultDetail=0
03:59:41.664434          ERROR [COM]: aRC=VBOX_E_INVALID_VM_STATE (0x80bb0002) aIID={300763af-5d6b-46e6-aa96-273eac15538a} aComponent={MachineWrap} aText={The machine is not mutable (state is Starting)}, preserve=false aResultDetail=0
03:59:41.667609          Saving settings file "C:\Users\sami1\VirtualBox VMs\Sami\Sami.vbox" with version "1.19-windows"
03:59:41.788695          Finished saving settings file "C:\Users\sami1\VirtualBox VMs\Sami\Sami.vbox"
03:59:41.804493          ERROR [COM]: aRC=VBOX_E_INVALID_VM_STATE (0x80bb0002) aIID={300763af-5d6b-46e6-aa96-273eac15538a} aComponent={MachineWrap} aText={The machine is not mutable (state is Starting)}, preserve=false aResultDetail=0
03:59:44.472508          ERROR [COM]: aRC=VBOX_E_OBJECT_NOT_FOUND (0x80bb0001) aIID={ad47ad09-787b-44ab-b343-a082a3f2dfb1} aComponent={MediumWrap} aText={Property 'CRYPT/KeyId' does not exist}, preserve=false aResultDetail=0
03:59:44.527481          ERROR [COM]: aRC=VBOX_E_INVALID_VM_STATE (0x80bb0002) aIID={300763af-5d6b-46e6-aa96-273eac15538a} aComponent={MachineWrap} aText={The machine is not mutable (state is Running)}, preserve=false aResultDetail=0
03:59:47.322441          Saving settings file "C:\Users\sami1\VirtualBox VMs\Sami\Sami.vbox" with version "1.19-windows"
03:59:47.372230          Finished saving settings file "C:\Users\sami1\VirtualBox VMs\Sami\Sami.vbox"
03:59:47.381004          ERROR [COM]: aRC=VBOX_E_INVALID_VM_STATE (0x80bb0002) aIID={300763af-5d6b-46e6-aa96-273eac15538a} aComponent={MachineWrap} aText={The machine is not mutable (state is Running)}, preserve=false aResultDetail=0
04:00:06.634758          Saving settings file "C:\Users\sami1\VirtualBox VMs\Sami\Sami.vbox" with version "1.19-windows"
04:00:06.774622          Finished saving settings file "C:\Users\sami1\VirtualBox VMs\Sami\Sami.vbox"
04:00:06.804656          ERROR [COM]: aRC=VBOX_E_INVALID_VM_STATE (0x80bb0002) aIID={300763af-5d6b-46e6-aa96-273eac15538a} aComponent={MachineWrap} aText={The machine is not mutable (state is Running)}, preserve=false aResultDetail=0
04:16:32.296649          Saving settings file "C:\Users\sami1\VirtualBox VMs\Sami\Sami.vbox" with version "1.19-windows"
04:16:32.330490          Finished saving settings file "C:\Users\sami1\VirtualBox VMs\Sami\Sami.vbox"
04:16:32.371864          ERROR [COM]: aRC=VBOX_E_INVALID_VM_STATE (0x80bb0002) aIID={300763af-5d6b-46e6-aa96-273eac15538a} aComponent={MachineWrap} aText={The machine is not mutable (state is Running)}, preserve=false aResultDetail=0
04:27:33.766229          Saving settings file "C:\Users\sami1\VirtualBox VMs\Sami\Sami.vbox" with version "1.19-windows"
04:27:33.823998          Finished saving settings file "C:\Users\sami1\VirtualBox VMs\Sami\Sami.vbox"
04:27:33.849285          ERROR [COM]: aRC=VBOX_E_INVALID_VM_STATE (0x80bb0002) aIID={300763af-5d6b-46e6-aa96-273eac15538a} aComponent={MachineWrap} aText={The machine is not mutable (state is Running)}, preserve=false aResultDetail=0
04:27:35.374156          Saving settings file "C:\Users\sami1\VirtualBox VMs\Sami\Sami.vbox" with version "1.19-windows"
04:27:35.430226          Finished saving settings file "C:\Users\sami1\VirtualBox VMs\Sami\Sami.vbox"
04:27:35.456874          ERROR [COM]: aRC=VBOX_E_INVALID_VM_STATE (0x80bb0002) aIID={300763af-5d6b-46e6-aa96-273eac15538a} aComponent={MachineWrap} aText={The machine is not mutable (state is Running)}, preserve=false aResultDetail=0
04:47:21.851811          Saving settings file "C:\Users\sami1\VirtualBox VMs\Sami\Sami.vbox" with version "1.19-windows"
04:47:21.889369          Finished saving settings file "C:\Users\sami1\VirtualBox VMs\Sami\Sami.vbox"
04:47:21.996797          ERROR [COM]: aRC=VBOX_E_INVALID_VM_STATE (0x80bb0002) aIID={300763af-5d6b-46e6-aa96-273eac15538a} aComponent={MachineWrap} aText={The machine is not mutable (state is Running)}, preserve=false aResultDetail=0
04:56:23.470040          Saving settings file "C:\Users\sami1\VirtualBox VMs\Sami\Sami.vbox" with version "1.19-windows"
04:56:23.502269          Finished saving settings file "C:\Users\sami1\VirtualBox VMs\Sami\Sami.vbox"
04:56:23.541890          ERROR [COM]: aRC=VBOX_E_INVALID_VM_STATE (0x80bb0002) aIID={300763af-5d6b-46e6-aa96-273eac15538a} aComponent={MachineWrap} aText={The machine is not mutable (state is Running)}, preserve=false aResultDetail=0
05:08:10.203412          Saving settings file "C:\Users\sami1\VirtualBox VMs\Sami\Sami.vbox" with version "1.19-windows"
05:08:10.243924          Finished saving settings file "C:\Users\sami1\VirtualBox VMs\Sami\Sami.vbox"
05:08:10.280689          ERROR [COM]: aRC=VBOX_E_INVALID_VM_STATE (0x80bb0002) aIID={300763af-5d6b-46e6-aa96-273eac15538a} aComponent={MachineWrap} aText={The machine is not mutable (state is Running)}, preserve=false aResultDetail=0
05:08:15.640370          Saving settings file "C:\Users\sami1\VirtualBox VMs\Sami\Sami.vbox" with version "1.19-windows"
05:08:15.675385          Finished saving settings file "C:\Users\sami1\VirtualBox VMs\Sami\Sami.vbox"
05:08:15.699207          ERROR [COM]: aRC=VBOX_E_INVALID_VM_STATE (0x80bb0002) aIID={300763af-5d6b-46e6-aa96-273eac15538a} aComponent={MachineWrap} aText={The machine is not mutable (state is Running)}, preserve=false aResultDetail=0
05:08:37.403941          Saving settings file "C:\Users\sami1\VirtualBox VMs\Sami\Sami.vbox" with version "1.19-windows"
05:08:37.428343          Finished saving settings file "C:\Users\sami1\VirtualBox VMs\Sami\Sami.vbox"
05:08:37.438014          ERROR [COM]: aRC=VBOX_E_INVALID_VM_STATE (0x80bb0002) aIID={300763af-5d6b-46e6-aa96-273eac15538a} aComponent={MachineWrap} aText={The machine is not mutable (state is Running)}, preserve=false aResultDetail=0
05:08:46.847298          ERROR [COM]: aRC=E_FAIL (0x80004005) aIID={300763af-5d6b-46e6-aa96-273eac15538a} aComponent={SessionMachine} aText={This machine does not have any snapshots}, preserve=false aResultDetail=0
05:08:55.529922 TakeSnap Taking snapshot Snapshot 1
05:08:55.530652 TakeSnap Saving settings file "C:\Users\sami1\VirtualBox VMs\Sami\Sami.vbox" with version "1.19-windows"
05:08:55.565760 TakeSnap Finished saving settings file "C:\Users\sami1\VirtualBox VMs\Sami\Sami.vbox"
05:08:55.655976          ERROR [COM]: aRC=E_FAIL (0x80004005) aIID={300763af-5d6b-46e6-aa96-273eac15538a} aComponent={MachineWrap} aText={This machine does not have any snapshots}, preserve=false aResultDetail=0
05:08:55.656177          ERROR [COM]: aRC=E_FAIL (0x80004005) aIID={300763af-5d6b-46e6-aa96-273eac15538a} aComponent={MachineWrap} aText={This machine does not have any snapshots}, preserve=false aResultDetail=0
05:08:55.717952          ERROR [COM]: aRC=VBOX_E_INVALID_VM_STATE (0x80bb0002) aIID={300763af-5d6b-46e6-aa96-273eac15538a} aComponent={MachineWrap} aText={The machine is not mutable (state is OnlineSnapshotting)}, preserve=false aResultDetail=0
05:08:58.027103 TakeSnap Saving settings file "C:\Users\sami1\VirtualBox VMs\Sami\Sami.vbox" with version "1.19-windows"
05:08:58.242357 TakeSnap Finished saving settings file "C:\Users\sami1\VirtualBox VMs\Sami\Sami.vbox"
05:08:58.244974 TakeSnap Saving settings file "C:\Users\sami1\VirtualBox VMs\Sami\Sami.vbox" with version "1.19-windows"
05:08:58.336148 TakeSnap Finished saving settings file "C:\Users\sami1\VirtualBox VMs\Sami\Sami.vbox"
05:08:58.337428 TakeSnap Finished taking snapshot Snapshot 1
05:08:58.633617          ERROR [COM]: aRC=VBOX_E_INVALID_VM_STATE (0x80bb0002) aIID={300763af-5d6b-46e6-aa96-273eac15538a} aComponent={MachineWrap} aText={The machine is not mutable (state is Running)}, preserve=false aResultDetail=0
05:08:58.671653          ERROR [COM]: aRC=VBOX_E_INVALID_VM_STATE (0x80bb0002) aIID={300763af-5d6b-46e6-aa96-273eac15538a} aComponent={MachineWrap} aText={The machine is not mutable (state is Running)}, preserve=false aResultDetail=0
05:44:41.711259 TakeSnap Taking snapshot Snapshot 2
05:44:41.711735 TakeSnap Saving settings file "C:\Users\sami1\VirtualBox VMs\Sami\Sami.vbox" with version "1.19-windows"
05:44:41.765251 TakeSnap Finished saving settings file "C:\Users\sami1\VirtualBox VMs\Sami\Sami.vbox"
05:44:41.792888          ERROR [COM]: aRC=VBOX_E_INVALID_VM_STATE (0x80bb0002) aIID={300763af-5d6b-46e6-aa96-273eac15538a} aComponent={MachineWrap} aText={The machine is not mutable (state is OnlineSnapshotting)}, preserve=false aResultDetail=0
05:44:41.814579          ERROR [COM]: aRC=VBOX_E_INVALID_VM_STATE (0x80bb0002) aIID={300763af-5d6b-46e6-aa96-273eac15538a} aComponent={MachineWrap} aText={The machine is not mutable (state is OnlineSnapshotting)}, preserve=false aResultDetail=0
05:44:41.852546          ERROR [COM]: aRC=VBOX_E_INVALID_VM_STATE (0x80bb0002) aIID={300763af-5d6b-46e6-aa96-273eac15538a} aComponent={MachineWrap} aText={The machine is not mutable (state is OnlineSnapshotting)}, preserve=false aResultDetail=0
05:44:43.324476 TakeSnap Saving settings file "C:\Users\sami1\VirtualBox VMs\Sami\Sami.vbox" with version "1.19-windows"
05:44:43.595296 TakeSnap Finished saving settings file "C:\Users\sami1\VirtualBox VMs\Sami\Sami.vbox"
05:44:43.595937 TakeSnap Saving settings file "C:\Users\sami1\VirtualBox VMs\Sami\Sami.vbox" with version "1.19-windows"
05:44:43.871105 TakeSnap Finished saving settings file "C:\Users\sami1\VirtualBox VMs\Sami\Sami.vbox"
05:44:43.872169 TakeSnap Finished taking snapshot Snapshot 2
05:44:43.923509          ERROR [COM]: aRC=VBOX_E_INVALID_VM_STATE (0x80bb0002) aIID={300763af-5d6b-46e6-aa96-273eac15538a} aComponent={MachineWrap} aText={The machine is not mutable (state is Running)}, preserve=false aResultDetail=0
05:44:44.007938          ERROR [COM]: aRC=VBOX_E_INVALID_VM_STATE (0x80bb0002) aIID={300763af-5d6b-46e6-aa96-273eac15538a} aComponent={MachineWrap} aText={The machine is not mutable (state is Running)}, preserve=false aResultDetail=0
06:22:04.219565 TakeSnap Taking snapshot Snapshot 3
06:22:04.220231 TakeSnap Saving settings file "C:\Users\sami1\VirtualBox VMs\Sami\Sami.vbox" with version "1.19-windows"
06:22:04.283560 TakeSnap Finished saving settings file "C:\Users\sami1\VirtualBox VMs\Sami\Sami.vbox"
06:22:04.376604          ERROR [COM]: aRC=VBOX_E_INVALID_VM_STATE (0x80bb0002) aIID={300763af-5d6b-46e6-aa96-273eac15538a} aComponent={MachineWrap} aText={The machine is not mutable (state is OnlineSnapshotting)}, preserve=false aResultDetail=0
06:22:04.388656          ERROR [COM]: aRC=VBOX_E_INVALID_VM_STATE (0x80bb0002) aIID={300763af-5d6b-46e6-aa96-273eac15538a} aComponent={MachineWrap} aText={The machine is not mutable (state is OnlineSnapshotting)}, preserve=false aResultDetail=0
06:22:04.417205          ERROR [COM]: aRC=VBOX_E_INVALID_VM_STATE (0x80bb0002) aIID={300763af-5d6b-46e6-aa96-273eac15538a} aComponent={MachineWrap} aText={The machine is not mutable (state is OnlineSnapshotting)}, preserve=false aResultDetail=0
06:22:06.510560 TakeSnap Saving settings file "C:\Users\sami1\VirtualBox VMs\Sami\Sami.vbox" with version "1.19-windows"
06:22:06.726806 TakeSnap Finished saving settings file "C:\Users\sami1\VirtualBox VMs\Sami\Sami.vbox"
06:22:06.727669 TakeSnap Saving settings file "C:\Users\sami1\VirtualBox VMs\Sami\Sami.vbox" with version "1.19-windows"
06:22:06.992844 TakeSnap Finished saving settings file "C:\Users\sami1\VirtualBox VMs\Sami\Sami.vbox"
06:22:06.993907 TakeSnap Finished taking snapshot Snapshot 3
06:22:07.045802          ERROR [COM]: aRC=VBOX_E_INVALID_VM_STATE (0x80bb0002) aIID={300763af-5d6b-46e6-aa96-273eac15538a} aComponent={MachineWrap} aText={The machine is not mutable (state is Running)}, preserve=false aResultDetail=0
06:22:07.090065          ERROR [COM]: aRC=VBOX_E_INVALID_VM_STATE (0x80bb0002) aIID={300763af-5d6b-46e6-aa96-273eac15538a} aComponent={MachineWrap} aText={The machine is not mutable (state is Running)}, preserve=false aResultDetail=0
06:46:41.408410 dns-monitor HostDnsMonitor: updating information
06:46:41.408485 dns-monitor HostDnsMonitor: unchanged
07:07:10.219115 TakeSnap Taking snapshot Snapshot 5
07:07:10.222002 TakeSnap Saving settings file "C:\Users\sami1\VirtualBox VMs\Sami\Sami.vbox" with version "1.19-windows"
07:07:10.271521 TakeSnap Finished saving settings file "C:\Users\sami1\VirtualBox VMs\Sami\Sami.vbox"
07:07:10.478767          ERROR [COM]: aRC=VBOX_E_INVALID_VM_STATE (0x80bb0002) aIID={300763af-5d6b-46e6-aa96-273eac15538a} aComponent={MachineWrap} aText={The machine is not mutable (state is OnlineSnapshotting)}, preserve=false aResultDetail=0
07:07:12.713282 TakeSnap Saving settings file "C:\Users\sami1\VirtualBox VMs\Sami\Sami.vbox" with version "1.19-windows"
07:07:12.805106 TakeSnap Finished saving settings file "C:\Users\sami1\VirtualBox VMs\Sami\Sami.vbox"
07:07:12.810766 TakeSnap Saving settings file "C:\Users\sami1\VirtualBox VMs\Sami\Sami.vbox" with version "1.19-windows"
07:07:12.861180 TakeSnap Finished saving settings file "C:\Users\sami1\VirtualBox VMs\Sami\Sami.vbox"
07:07:12.862523 TakeSnap Finished taking snapshot Snapshot 5
07:07:12.983361          ERROR [COM]: aRC=VBOX_E_INVALID_VM_STATE (0x80bb0002) aIID={300763af-5d6b-46e6-aa96-273eac15538a} aComponent={MachineWrap} aText={The machine is not mutable (state is Running)}, preserve=false aResultDetail=0
07:45:26.365127 TakeSnap Taking snapshot Snapshot 6
07:45:26.366951 TakeSnap Saving settings file "C:\Users\sami1\VirtualBox VMs\Sami\Sami.vbox" with version "1.19-windows"
07:45:26.422263 TakeSnap Finished saving settings file "C:\Users\sami1\VirtualBox VMs\Sami\Sami.vbox"
07:45:26.538389          ERROR [COM]: aRC=VBOX_E_INVALID_VM_STATE (0x80bb0002) aIID={300763af-5d6b-46e6-aa96-273eac15538a} aComponent={MachineWrap} aText={The machine is not mutable (state is OnlineSnapshotting)}, preserve=false aResultDetail=0
07:45:26.553526          ERROR [COM]: aRC=VBOX_E_INVALID_VM_STATE (0x80bb0002) aIID={300763af-5d6b-46e6-aa96-273eac15538a} aComponent={MachineWrap} aText={The machine is not mutable (state is OnlineSnapshotting)}, preserve=false aResultDetail=0
07:45:26.621119          ERROR [COM]: aRC=VBOX_E_INVALID_VM_STATE (0x80bb0002) aIID={300763af-5d6b-46e6-aa96-273eac15538a} aComponent={MachineWrap} aText={The machine is not mutable (state is OnlineSnapshotting)}, preserve=false aResultDetail=0
07:45:28.788230 TakeSnap Saving settings file "C:\Users\sami1\VirtualBox VMs\Sami\Sami.vbox" with version "1.19-windows"
07:45:28.894839 TakeSnap Finished saving settings file "C:\Users\sami1\VirtualBox VMs\Sami\Sami.vbox"
07:45:28.900263 TakeSnap Saving settings file "C:\Users\sami1\VirtualBox VMs\Sami\Sami.vbox" with version "1.19-windows"
07:45:28.961952 TakeSnap Finished saving settings file "C:\Users\sami1\VirtualBox VMs\Sami\Sami.vbox"
07:45:28.965901 TakeSnap Finished taking snapshot Snapshot 6
07:45:29.190710          ERROR [COM]: aRC=VBOX_E_INVALID_VM_STATE (0x80bb0002) aIID={300763af-5d6b-46e6-aa96-273eac15538a} aComponent={MachineWrap} aText={The machine is not mutable (state is Running)}, preserve=false aResultDetail=0
08:15:11.758629 TakeSnap Taking snapshot Snapshot 7
08:15:11.761356 TakeSnap Saving settings file "C:\Users\sami1\VirtualBox VMs\Sami\Sami.vbox" with version "1.19-windows"
08:15:11.824502 TakeSnap Finished saving settings file "C:\Users\sami1\VirtualBox VMs\Sami\Sami.vbox"
08:15:12.075258          ERROR [COM]: aRC=VBOX_E_INVALID_VM_STATE (0x80bb0002) aIID={300763af-5d6b-46e6-aa96-273eac15538a} aComponent={MachineWrap} aText={The machine is not mutable (state is OnlineSnapshotting)}, preserve=false aResultDetail=0
08:15:14.451576 TakeSnap Saving settings file "C:\Users\sami1\VirtualBox VMs\Sami\Sami.vbox" with version "1.19-windows"
08:15:14.511850 TakeSnap Finished saving settings file "C:\Users\sami1\VirtualBox VMs\Sami\Sami.vbox"
08:15:14.516708 TakeSnap Saving settings file "C:\Users\sami1\VirtualBox VMs\Sami\Sami.vbox" with version "1.19-windows"
08:15:14.568113 TakeSnap Finished saving settings file "C:\Users\sami1\VirtualBox VMs\Sami\Sami.vbox"
08:15:14.572275 TakeSnap Finished taking snapshot Snapshot 7
08:15:14.716056          ERROR [COM]: aRC=VBOX_E_INVALID_VM_STATE (0x80bb0002) aIID={300763af-5d6b-46e6-aa96-273eac15538a} aComponent={MachineWrap} aText={The machine is not mutable (state is Running)}, preserve=false aResultDetail=0
08:15:15.140401          ERROR [COM]: aRC=VBOX_E_INVALID_VM_STATE (0x80bb0002) aIID={300763af-5d6b-46e6-aa96-273eac15538a} aComponent={MachineWrap} aText={The machine is not mutable (state is Running)}, preserve=false aResultDetail=0
08:15:15.460823          ERROR [COM]: aRC=VBOX_E_INVALID_VM_STATE (0x80bb0002) aIID={300763af-5d6b-46e6-aa96-273eac15538a} aComponent={MachineWrap} aText={The machine is not mutable (state is Running)}, preserve=false aResultDetail=0
08:15:22.631646          Saving settings file "C:\Users\sami1\.VirtualBox\VirtualBox.xml" with version "1.12-windows"
08:15:22.672130          Finished saving settings file "C:\Users\sami1\.VirtualBox\VirtualBox.xml"
08:15:22.727205          ERROR [COM]: aRC=VBOX_E_INVALID_VM_STATE (0x80bb0002) aIID={300763af-5d6b-46e6-aa96-273eac15538a} aComponent={MachineWrap} aText={The machine is not mutable (state is Running)}, preserve=false aResultDetail=0
08:15:23.751759          Saving settings file "C:\Users\sami1\.VirtualBox\VirtualBox.xml" with version "1.12-windows"
08:15:23.797616          Finished saving settings file "C:\Users\sami1\.VirtualBox\VirtualBox.xml"
08:15:23.827189          ERROR [COM]: aRC=VBOX_E_INVALID_VM_STATE (0x80bb0002) aIID={300763af-5d6b-46e6-aa96-273eac15538a} aComponent={MachineWrap} aText={The machine is not mutable (state is Running)}, preserve=false aResultDetail=0
08:17:25.171804          Saving settings file "C:\Users\sami1\VirtualBox VMs\Sami\Sami.vbox" with version "1.19-windows"
08:17:25.223660          Finished saving settings file "C:\Users\sami1\VirtualBox VMs\Sami\Sami.vbox"
08:17:25.313719          ERROR [COM]: aRC=VBOX_E_INVALID_VM_STATE (0x80bb0002) aIID={300763af-5d6b-46e6-aa96-273eac15538a} aComponent={MachineWrap} aText={The machine is not mutable (state is Running)}, preserve=false aResultDetail=0
08:17:25.349704          ERROR [COM]: aRC=VBOX_E_INVALID_VM_STATE (0x80bb0002) aIID={300763af-5d6b-46e6-aa96-273eac15538a} aComponent={MachineWrap} aText={The machine is not mutable (state is Running)}, preserve=false aResultDetail=0
08:17:25.373505          ERROR [COM]: aRC=VBOX_E_INVALID_VM_STATE (0x80bb0002) aIID={300763af-5d6b-46e6-aa96-273eac15538a} aComponent={MachineWrap} aText={The machine is not mutable (state is Running)}, preserve=false aResultDetail=0
08:55:04.666278 dns-monitor HostDnsMonitor: updating information
08:55:04.666381 dns-monitor HostDnsMonitor: unchanged
09:33:27.244642 TakeSnap Taking snapshot Snapshot 2.
09:33:27.246948 TakeSnap Saving settings file "C:\Users\sami1\VirtualBox VMs\Sami\Sami.vbox" with version "1.19-windows"
09:33:27.369197 TakeSnap Finished saving settings file "C:\Users\sami1\VirtualBox VMs\Sami\Sami.vbox"
09:33:27.619130          ERROR [COM]: aRC=VBOX_E_INVALID_VM_STATE (0x80bb0002) aIID={300763af-5d6b-46e6-aa96-273eac15538a} aComponent={MachineWrap} aText={The machine is not mutable (state is OnlineSnapshotting)}, preserve=false aResultDetail=0
09:33:27.629584          ERROR [COM]: aRC=VBOX_E_INVALID_VM_STATE (0x80bb0002) aIID={300763af-5d6b-46e6-aa96-273eac15538a} aComponent={MachineWrap} aText={The machine is not mutable (state is OnlineSnapshotting)}, preserve=false aResultDetail=0
09:33:27.642038          ERROR [COM]: aRC=VBOX_E_INVALID_VM_STATE (0x80bb0002) aIID={300763af-5d6b-46e6-aa96-273eac15538a} aComponent={MachineWrap} aText={The machine is not mutable (state is OnlineSnapshotting)}, preserve=false aResultDetail=0
09:33:30.014309 TakeSnap Saving settings file "C:\Users\sami1\VirtualBox VMs\Sami\Sami.vbox" with version "1.19-windows"
09:33:30.227441 TakeSnap Finished saving settings file "C:\Users\sami1\VirtualBox VMs\Sami\Sami.vbox"
09:33:30.229717 TakeSnap Saving settings file "C:\Users\sami1\VirtualBox VMs\Sami\Sami.vbox" with version "1.19-windows"
09:33:30.337250 TakeSnap Finished saving settings file "C:\Users\sami1\VirtualBox VMs\Sami\Sami.vbox"
09:33:30.338376 TakeSnap Finished taking snapshot Snapshot 2.
09:33:30.655604          ERROR [COM]: aRC=VBOX_E_INVALID_VM_STATE (0x80bb0002) aIID={300763af-5d6b-46e6-aa96-273eac15538a} aComponent={MachineWrap} aText={The machine is not mutable (state is Running)}, preserve=false aResultDetail=0
09:33:30.718979          ERROR [COM]: aRC=VBOX_E_INVALID_VM_STATE (0x80bb0002) aIID={300763af-5d6b-46e6-aa96-273eac15538a} aComponent={MachineWrap} aText={The machine is not mutable (state is Running)}, preserve=false aResultDetail=0
09:33:30.947685          ERROR [COM]: aRC=VBOX_E_INVALID_VM_STATE (0x80bb0002) aIID={300763af-5d6b-46e6-aa96-273eac15538a} aComponent={MachineWrap} aText={The machine is not mutable (state is Running)}, preserve=false aResultDetail=0
09:45:47.757343 TakeSnap Taking snapshot Snapshot 4---
09:45:47.759260 TakeSnap Saving settings file "C:\Users\sami1\VirtualBox VMs\Sami\Sami.vbox" with version "1.19-windows"
09:45:47.831020 TakeSnap Finished saving settings file "C:\Users\sami1\VirtualBox VMs\Sami\Sami.vbox"
09:45:48.016819          ERROR [COM]: aRC=VBOX_E_INVALID_VM_STATE (0x80bb0002) aIID={300763af-5d6b-46e6-aa96-273eac15538a} aComponent={MachineWrap} aText={The machine is not mutable (state is OnlineSnapshotting)}, preserve=false aResultDetail=0
09:45:48.043377          ERROR [COM]: aRC=VBOX_E_INVALID_VM_STATE (0x80bb0002) aIID={300763af-5d6b-46e6-aa96-273eac15538a} aComponent={MachineWrap} aText={The machine is not mutable (state is OnlineSnapshotting)}, preserve=false aResultDetail=0
09:45:50.465933 TakeSnap Saving settings file "C:\Users\sami1\VirtualBox VMs\Sami\Sami.vbox" with version "1.19-windows"
09:45:50.563567 TakeSnap Finished saving settings file "C:\Users\sami1\VirtualBox VMs\Sami\Sami.vbox"
09:45:50.567128 TakeSnap Saving settings file "C:\Users\sami1\VirtualBox VMs\Sami\Sami.vbox" with version "1.19-windows"
09:45:50.621084 TakeSnap Finished saving settings file "C:\Users\sami1\VirtualBox VMs\Sami\Sami.vbox"
09:45:50.625304 TakeSnap Finished taking snapshot Snapshot 4---
09:45:50.804582          ERROR [COM]: aRC=VBOX_E_INVALID_VM_STATE (0x80bb0002) aIID={300763af-5d6b-46e6-aa96-273eac15538a} aComponent={MachineWrap} aText={The machine is not mutable (state is Running)}, preserve=false aResultDetail=0
